TN:
SF:esbuild.mjs
FN:11,buildExtension
FN:31,buildWebview
FN:91,build
FNF:3
FNH:3
FNDA:1,buildExtension
FNDA:1,buildWebview
FNDA:1,build
DA:1,1
DA:2,1
DA:3,1
DA:4,1
DA:5,1
DA:6,1
DA:7,1
DA:8,1
DA:9,1
DA:10,1
DA:11,1
DA:12,1
DA:13,1
DA:14,1
DA:15,1
DA:16,1
DA:17,1
DA:18,1
DA:19,1
DA:20,1
DA:21,1
DA:22,1
DA:23,1
DA:24,1
DA:25,1
DA:26,1
DA:27,1
DA:28,1
DA:29,1
DA:30,1
DA:31,1
DA:32,1
DA:33,1
DA:34,1
DA:35,1
DA:36,1
DA:37,1
DA:38,1
DA:39,1
DA:40,1
DA:41,1
DA:42,1
DA:43,1
DA:44,1
DA:45,1
DA:46,1
DA:47,1
DA:48,1
DA:49,1
DA:50,1
DA:51,1
DA:52,1
DA:53,1
DA:54,1
DA:55,1
DA:56,1
DA:57,1
DA:58,1
DA:59,1
DA:60,1
DA:61,1
DA:62,1
DA:63,1
DA:64,1
DA:65,1
DA:66,1
DA:67,1
DA:68,1
DA:69,1
DA:70,1
DA:71,1
DA:72,1
DA:73,1
DA:74,1
DA:75,1
DA:76,1
DA:77,1
DA:78,1
DA:79,1
DA:80,1
DA:81,1
DA:82,1
DA:83,1
DA:84,1
DA:85,1
DA:86,0
DA:87,0
DA:88,0
DA:89,1
DA:90,1
DA:91,1
DA:92,1
DA:93,1
DA:94,1
DA:95,1
DA:96,1
DA:97,1
DA:98,1
DA:99,1
DA:100,1
DA:101,0
DA:102,0
DA:103,0
DA:104,1
DA:105,1
DA:106,1
LF:106
LH:100
BRDA:1,0,0,1
BRDA:11,1,0,1
BRDA:27,2,0,0
BRDA:31,3,0,1
BRDA:76,4,0,0
BRDA:80,5,0,0
BRDA:80,6,0,0
BRDA:80,7,0,0
BRDA:85,8,0,0
BRDA:91,9,0,1
BRDA:100,10,0,0
BRF:11
BRH:4
end_of_record
TN:
SF:packages\core\src\events.ts
FN:12,<instance_members_initializer>
FN:14,on
FN:25,emit
FNF:3
FNH:3
FNDA:4,<instance_members_initializer>
FNDA:1,on
FNDA:2,emit
DA:1,1
DA:2,1
DA:3,1
DA:4,1
DA:5,1
DA:6,1
DA:7,1
DA:8,1
DA:9,1
DA:10,1
DA:11,1
DA:12,1
DA:13,1
DA:14,1
DA:15,1
DA:16,1
DA:17,1
DA:18,1
DA:19,1
DA:20,1
DA:21,1
DA:22,1
DA:23,1
DA:24,1
DA:25,1
DA:26,2
DA:27,2
DA:28,1
DA:29,1
DA:30,1
DA:31,0
DA:32,0
DA:33,1
DA:34,2
DA:35,1
LF:35
LH:33
BRDA:12,0,0,4
BRDA:14,1,0,1
BRDA:17,2,0,1
BRDA:25,3,0,2
BRDA:27,4,0,1
BRDA:30,5,0,0
BRF:6
BRH:5
end_of_record
TN:
SF:packages\core\src\memoryRepo.ts
FN:12,<instance_members_initializer>
FN:15,on
FN:22,getById
FN:26,query
FN:30,upsert
FN:40,delete
FN:49,<instance_members_initializer>
FN:51,on
FN:56,listForWorkItem
FN:59,upsert
FN:74,<instance_members_initializer>
FN:76,on
FN:81,listForWorkItem
FN:84,upsert
FN:99,<instance_members_initializer>
FN:101,on
FN:106,listMine
FN:109,upsert
FN:121,createMemoryRepository
FNF:19
FNH:8
FNDA:1,<instance_members_initializer>
FNDA:1,on
FNDA:0,getById
FNDA:2,query
FNDA:2,upsert
FNDA:0,delete
FNDA:1,<instance_members_initializer>
FNDA:0,on
FNDA:0,listForWorkItem
FNDA:0,upsert
FNDA:1,<instance_members_initializer>
FNDA:0,on
FNDA:0,listForWorkItem
FNDA:0,upsert
FNDA:1,<instance_members_initializer>
FNDA:0,on
FNDA:0,listMine
FNDA:0,upsert
FNDA:1,createMemoryRepository
DA:1,1
DA:2,1
DA:3,1
DA:4,1
DA:5,1
DA:6,1
DA:7,1
DA:8,1
DA:9,1
DA:10,1
DA:11,1
DA:12,1
DA:13,1
DA:14,1
DA:15,1
DA:16,1
DA:17,1
DA:18,1
DA:19,1
DA:20,1
DA:21,1
DA:22,1
DA:23,0
DA:24,0
DA:25,1
DA:26,1
DA:27,2
DA:28,2
DA:29,1
DA:30,1
DA:31,2
DA:32,2
DA:33,4
DA:34,4
DA:35,4
DA:36,2
DA:37,2
DA:38,2
DA:39,1
DA:40,1
DA:41,0
DA:42,0
DA:43,0
DA:44,0
DA:45,0
DA:46,1
DA:47,1
DA:48,1
DA:49,1
DA:50,1
DA:51,1
DA:52,0
DA:53,0
DA:54,0
DA:55,0
DA:56,1
DA:57,0
DA:58,0
DA:59,1
DA:60,0
DA:61,0
DA:62,0
DA:63,0
DA:64,0
DA:65,0
DA:66,0
DA:67,0
DA:68,0
DA:69,0
DA:70,0
DA:71,1
DA:72,1
DA:73,1
DA:74,1
DA:75,1
DA:76,1
DA:77,0
DA:78,0
DA:79,0
DA:80,0
DA:81,1
DA:82,0
DA:83,0
DA:84,1
DA:85,0
DA:86,0
DA:87,0
DA:88,0
DA:89,0
DA:90,0
DA:91,0
DA:92,0
DA:93,0
DA:94,0
DA:95,0
DA:96,1
DA:97,1
DA:98,1
DA:99,1
DA:100,1
DA:101,1
DA:102,0
DA:103,0
DA:104,0
DA:105,0
DA:106,1
DA:107,0
DA:108,0
DA:109,1
DA:110,0
DA:111,0
DA:112,0
DA:113,0
DA:114,0
DA:115,0
DA:116,0
DA:117,0
DA:118,0
DA:119,1
DA:120,1
DA:121,1
DA:122,1
DA:123,1
DA:124,1
DA:125,1
DA:126,1
DA:127,1
DA:128,1
LF:128
LH:72
BRDA:12,0,0,1
BRDA:15,1,0,1
BRDA:17,2,0,1
BRDA:26,3,0,2
BRDA:30,4,0,2
BRDA:32,5,0,4
BRDA:49,6,0,1
BRDA:74,7,0,1
BRDA:99,8,0,1
BRDA:121,9,0,1
BRF:10
BRH:10
end_of_record
TN:
SF:packages\ui-web\src\stores.ts
FN:27,<instance_members_initializer>
FN:29,ReadableStore
FN:32,subscribe
FN:42,set
FN:58,WorkItemsView
FN:60,<instance_members_initializer>
FN:61,init
FN:70,dispose
FN:83,setValue
FN:92,FiltersStore
FN:98,<instance_members_initializer>
FN:102,VisibleWorkItemsView
FN:105,onItems
FN:110,onFilters
FN:118,recompute
FN:133,dispose
FNF:16
FNH:16
FNDA:3,<instance_members_initializer>
FNDA:3,ReadableStore
FNDA:6,subscribe
FNDA:9,set
FNDA:1,WorkItemsView
FNDA:1,<instance_members_initializer>
FNDA:1,init
FNDA:1,dispose
FNDA:2,setValue
FNDA:1,FiltersStore
FNDA:1,<instance_members_initializer>
FNDA:1,VisibleWorkItemsView
FNDA:2,onItems
FNDA:3,onFilters
FNDA:5,recompute
FNDA:1,dispose
DA:1,1
DA:2,1
DA:3,1
DA:4,1
DA:5,1
DA:6,1
DA:7,1
DA:8,1
DA:9,1
DA:10,1
DA:11,1
DA:12,1
DA:13,1
DA:14,1
DA:15,1
DA:16,1
DA:17,1
DA:18,1
DA:19,1
DA:20,1
DA:21,1
DA:22,1
DA:23,1
DA:24,1
DA:25,1
DA:26,1
DA:27,1
DA:28,3
DA:29,1
DA:30,3
DA:31,3
DA:32,1
DA:33,6
DA:34,6
DA:35,6
DA:36,7
DA:37,7
DA:38,6
DA:39,6
DA:40,7
DA:41,6
DA:42,1
DA:43,9
DA:44,9
DA:45,9
DA:46,9
DA:47,7
DA:48,7
DA:49,7
DA:50,0
DA:51,0
DA:52,7
DA:53,9
DA:54,1
DA:55,1
DA:56,1
DA:57,1
DA:58,1
DA:59,1
DA:60,1
DA:61,1
DA:62,1
DA:63,1
DA:64,1
DA:65,1
DA:66,1
DA:67,1
DA:68,1
DA:69,1
DA:70,1
DA:71,1
DA:72,1
DA:73,1
DA:74,1
DA:75,1
DA:76,1
DA:77,1
DA:78,1
DA:79,1
DA:80,1
DA:81,1
DA:82,1
DA:83,1
DA:84,2
DA:85,2
DA:86,2
DA:87,2
DA:88,2
DA:89,1
DA:90,1
DA:91,1
DA:92,1
DA:93,1
DA:94,1
DA:95,1
DA:96,1
DA:97,1
DA:98,1
DA:99,1
DA:100,1
DA:101,1
DA:102,1
DA:103,1
DA:104,1
DA:105,1
DA:106,2
DA:107,2
DA:108,2
DA:109,1
DA:110,1
DA:111,3
DA:112,3
DA:113,3
DA:114,1
DA:115,1
DA:116,1
DA:117,1
DA:118,1
DA:119,5
DA:120,5
DA:121,5
DA:122,3
DA:123,3
DA:124,5
DA:125,1
DA:126,3
DA:127,3
DA:128,1
DA:129,1
DA:130,5
DA:131,5
DA:132,1
DA:133,1
DA:134,1
DA:135,1
DA:136,1
DA:137,1
LF:137
LH:135
BRDA:27,0,0,3
BRDA:29,1,0,3
BRDA:32,2,0,6
BRDA:35,3,0,7
BRDA:37,4,0,6
BRDA:42,5,0,9
BRDA:46,6,0,7
BRDA:49,7,0,0
BRDA:58,8,0,1
BRDA:60,9,0,1
BRDA:61,10,0,1
BRDA:64,11,0,1
BRDA:70,12,0,1
BRDA:83,13,0,2
BRDA:92,14,0,1
BRDA:98,15,0,1
BRDA:102,16,0,1
BRDA:105,17,0,2
BRDA:110,18,0,3
BRDA:118,19,0,5
BRDA:121,20,0,3
BRDA:121,21,0,3
BRDA:124,22,0,1
BRDA:124,23,0,1
BRDA:122,24,0,11
BRDA:122,25,0,0
BRDA:125,26,0,3
BRDA:126,27,0,0
BRDA:126,28,0,4
BRDA:127,29,0,3
BRDA:133,30,0,1
BRDA:134,31,0,2
BRF:32
BRH:29
end_of_record
TN:
SF:scripts\mocha-diagnostics-stub.mjs
FN:2,noopHandle
FN:4,callWithFallback
FN:16,createHook
FN:30,describe
FN:31,it
FN:37,describe.only
FN:38,describe.skip
FN:39,it.only
FN:40,it.skip
FNF:9
FNH:4
FNDA:0,noopHandle
FNDA:99,callWithFallback
FNDA:4,createHook
FNDA:25,describe
FNDA:74,it
FNDA:0,describe.only
FNDA:0,describe.skip
FNDA:0,it.only
FNDA:0,it.skip
DA:1,1
DA:2,1
DA:3,1
DA:4,1
DA:5,99
DA:6,99
DA:7,99
DA:8,99
DA:9,0
DA:10,0
DA:11,0
DA:12,0
DA:13,0
DA:14,1
DA:15,1
DA:16,1
DA:17,4
DA:18,2
DA:19,2
DA:20,2
DA:21,2
DA:22,0
DA:23,0
DA:24,0
DA:25,0
DA:26,0
DA:27,4
DA:28,1
DA:29,1
DA:30,1
DA:31,1
DA:32,1
DA:33,1
DA:34,1
DA:35,1
DA:36,1
DA:37,1
DA:38,1
DA:39,1
DA:40,1
DA:41,1
DA:42,1
DA:43,1
DA:44,1
DA:45,1
DA:46,1
DA:47,1
DA:48,1
DA:49,1
LF:49
LH:39
BRDA:1,0,0,1
BRDA:4,1,0,99
BRDA:5,2,0,0
BRDA:9,3,0,0
BRDA:16,4,0,4
BRDA:17,5,0,2
BRDA:18,6,0,0
BRDA:22,7,0,0
BRDA:30,8,0,25
BRDA:31,9,0,74
BRF:10
BRH:6
end_of_record
TN:
SF:scripts\run-esm-tests-cmd.mjs
FNF:0
FNH:0
DA:1,1
DA:2,1
DA:3,1
DA:4,1
DA:5,1
DA:6,1
DA:7,1
DA:8,1
DA:9,1
DA:10,1
DA:11,1
DA:12,1
DA:13,1
DA:14,1
DA:15,1
DA:16,1
DA:17,1
DA:18,1
DA:19,1
DA:20,1
DA:21,1
DA:22,1
DA:23,1
DA:24,1
DA:25,1
DA:26,1
DA:27,1
DA:28,1
DA:29,1
DA:30,1
DA:31,1
DA:32,1
DA:33,1
DA:34,1
DA:35,0
DA:36,0
DA:37,1
DA:38,1
DA:39,1
DA:40,1
DA:41,0
DA:42,0
DA:43,1
DA:44,1
DA:45,1
DA:46,1
LF:46
LH:42
BRDA:1,0,0,1
BRDA:22,1,0,0
BRDA:30,2,0,0
BRDA:34,3,0,0
BRDA:40,4,0,0
BRF:5
BRH:1
end_of_record
TN:
SF:scripts\run-esm-tests.mjs
FN:21,rmDirIfExists
FN:34,collectTests
FN:56,diagnoseActivationImports
FN:77,__run
FN:91,globalThis.describe
FN:93,timeout
FN:93,retries
FN:93,slow
FN:99,globalThis.it
FN:101,timeout
FN:101,retries
FN:101,slow
FN:105,globalThis.before
FN:110,globalThis.after
FN:115,globalThis.beforeEach
FN:120,globalThis.afterEach
FNF:16
FNH:10
FNDA:2,rmDirIfExists
FNDA:7,collectTests
FNDA:1,diagnoseActivationImports
FNDA:1,__run
FNDA:50,globalThis.describe
FNDA:0,timeout
FNDA:0,retries
FNDA:0,slow
FNDA:133,globalThis.it
FNDA:10,timeout
FNDA:0,retries
FNDA:0,slow
FNDA:1,globalThis.before
FNDA:0,globalThis.after
FNDA:2,globalThis.beforeEach
FNDA:9,globalThis.afterEach
DA:1,1
DA:2,1
DA:3,1
DA:4,1
DA:5,1
DA:6,1
DA:7,1
DA:8,1
DA:9,1
DA:10,1
DA:11,1
DA:12,1
DA:13,1
DA:14,1
DA:15,1
DA:16,1
DA:17,1
DA:18,1
DA:19,1
DA:20,1
DA:21,2
DA:22,2
DA:23,2
DA:24,0
DA:25,0
DA:26,0
DA:27,2
DA:28,0
DA:29,0
DA:30,2
DA:31,1
DA:32,1
DA:33,1
DA:34,7
DA:35,7
DA:36,7
DA:37,7
DA:38,55
DA:39,55
DA:40,49
DA:41,55
DA:42,7
DA:43,7
DA:44,1
DA:45,1
DA:46,1
DA:47,1
DA:48,42
DA:49,42
DA:50,42
DA:51,38
DA:52,38
DA:53,1
DA:54,1
DA:55,1
DA:56,1
DA:57,1
DA:58,1
DA:59,1
DA:60,1
DA:61,1
DA:62,1
DA:63,1
DA:64,4
DA:65,4
DA:66,4
DA:67,4
DA:68,0
DA:69,0
DA:70,0
DA:71,0
DA:72,4
DA:73,1
DA:74,1
DA:75,1
DA:76,1
DA:77,1
DA:78,1
DA:79,1
DA:80,1
DA:81,1
DA:82,1
DA:83,1
DA:84,1
DA:85,1
DA:86,6
DA:87,6
DA:88,1
DA:89,1
DA:90,1
DA:91,1
DA:92,50
DA:93,50
DA:94,50
DA:95,50
DA:96,1
DA:97,1
DA:98,1
DA:99,1
DA:100,133
DA:101,133
DA:102,1
DA:103,1
DA:104,1
DA:105,1
DA:106,1
DA:107,1
DA:108,1
DA:109,1
DA:110,1
DA:111,0
DA:112,1
DA:113,1
DA:114,1
DA:115,1
DA:116,2
DA:117,1
DA:118,1
DA:119,1
DA:120,1
DA:121,9
DA:122,1
DA:123,1
DA:124,1
DA:125,1
DA:126,1
DA:127,1
DA:128,1
DA:129,1
DA:130,1
DA:131,1
DA:132,1
DA:133,1
DA:134,1
DA:135,1
DA:136,1
DA:137,1
DA:138,1
DA:139,1
DA:140,1
DA:141,1
DA:142,1
DA:143,1
DA:144,1
DA:145,1
DA:146,1
DA:147,1
DA:148,1
DA:149,1
DA:150,0
DA:151,0
DA:152,1
DA:153,1
DA:154,37
DA:155,37
DA:156,37
DA:157,0
DA:158,0
DA:159,0
DA:160,0
DA:161,0
DA:162,0
DA:163,0
DA:164,0
DA:165,0
DA:166,0
DA:167,0
DA:168,0
DA:169,0
DA:170,0
DA:171,0
DA:172,0
DA:173,0
DA:174,0
DA:175,0
DA:176,0
DA:177,37
DA:178,1
DA:179,1
DA:180,1
DA:181,1
DA:182,1
DA:183,1
DA:184,1
DA:185,1
DA:186,1
DA:187,1
DA:188,1
DA:189,1
DA:190,1
DA:191,1
DA:192,1
DA:193,1
DA:194,1
DA:195,1
DA:196,1
DA:197,1
DA:198,1
DA:199,1
DA:200,1
DA:201,1
DA:202,1
DA:203,1
DA:204,1
DA:205,1
DA:206,1
DA:207,1
DA:208,1
DA:209,1
DA:210,1
DA:211,1
DA:212,1
DA:213,1
DA:214,0
DA:215,0
DA:216,0
DA:217,0
DA:218,0
DA:219,0
DA:220,0
DA:221,1
DA:222,1
DA:223,1
DA:224,1
DA:225,1
DA:226,1
DA:227,1
DA:228,1
DA:229,1
DA:230,1
DA:231,0
DA:232,0
DA:233,1
LF:233
LH:192
BRDA:1,0,0,1
BRDA:11,1,0,0
BRDA:21,2,0,2
BRDA:23,3,0,0
BRDA:27,4,0,0
BRDA:34,5,0,7
BRDA:37,6,0,55
BRDA:39,7,0,6
BRDA:40,8,0,49
BRDA:40,9,0,42
BRDA:47,10,0,42
BRDA:48,11,0,41
BRDA:49,12,0,39
BRDA:50,13,0,38
BRDA:56,14,0,1
BRDA:63,15,0,4
BRDA:67,16,0,0
BRDA:77,17,0,1
BRDA:85,18,0,6
BRDA:136,19,0,0
BRDA:149,20,0,0
BRDA:153,21,0,37
BRDA:156,22,0,0
BRDA:179,23,0,0
BRDA:91,24,0,50
BRDA:99,25,0,133
BRDA:101,26,0,10
BRDA:105,27,0,1
BRDA:115,28,0,2
BRDA:120,29,0,9
BRDA:223,30,0,1
BRDA:227,31,0,0
BRF:32
BRH:23
end_of_record
TN:
SF:scripts\ts-esm-loader.mjs
FN:20,selectLoader
FN:25,toFilePath
FN:27,tryResolveVariant
FN:63,resolve
FN:93,load
FNF:5
FNH:5
FNDA:159,selectLoader
FNDA:341,toFilePath
FNDA:182,tryResolveVariant
FNDA:2718,resolve
FNDA:837,load
DA:1,2
DA:2,2
DA:3,2
DA:4,2
DA:5,2
DA:6,2
DA:7,2
DA:8,2
DA:9,2
DA:10,2
DA:11,2
DA:12,2
DA:13,2
DA:14,2
DA:15,2
DA:16,2
DA:17,2
DA:18,2
DA:19,2
DA:20,2
DA:21,159
DA:22,159
DA:23,2
DA:24,2
DA:25,2
DA:26,2
DA:27,2
DA:28,182
DA:29,182
DA:30,182
DA:31,182
DA:32,182
DA:33,182
DA:34,182
DA:35,182
DA:36,22
DA:37,22
DA:38,22
DA:39,22
DA:40,22
DA:41,22
DA:42,22
DA:43,22
DA:44,0
DA:45,0
DA:46,22
DA:47,0
DA:48,0
DA:49,160
DA:50,182
DA:51,160
DA:52,160
DA:53,160
DA:54,160
DA:55,160
DA:56,160
DA:57,182
DA:58,182
DA:59,0
DA:60,0
DA:61,2
DA:62,2
DA:63,2
DA:64,2718
DA:65,2718
DA:66,2718
DA:67,2718
DA:68,2718
DA:69,0
DA:70,2718
DA:71,0
DA:72,0
DA:73,0
DA:74,0
DA:75,0
DA:76,2718
DA:77,2718
DA:78,2718
DA:79,2718
DA:80,182
DA:81,0
DA:82,0
DA:83,182
DA:84,182
DA:85,182
DA:86,182
DA:87,182
DA:88,0
DA:89,0
DA:90,0
DA:91,2
DA:92,2
DA:93,2
DA:94,837
DA:95,837
DA:96,837
DA:97,0
DA:98,0
DA:99,0
DA:100,0
DA:101,0
DA:102,0
DA:103,0
DA:104,0
DA:105,0
DA:106,0
DA:107,0
DA:108,0
DA:109,0
DA:110,0
DA:111,0
DA:112,0
DA:113,0
DA:114,0
DA:115,0
DA:116,837
DA:117,837
DA:118,678
DA:119,678
DA:120,159
DA:121,159
DA:122,159
DA:123,159
DA:124,159
DA:125,159
DA:126,159
DA:127,159
DA:128,159
DA:129,159
DA:130,159
DA:131,159
DA:132,159
DA:133,159
DA:134,159
DA:135,159
DA:136,159
DA:137,2
LF:137
LH:101
BRDA:1,0,0,2
BRDA:20,1,0,159
BRDA:21,2,0,0
BRDA:25,3,0,341
BRDA:27,4,0,182
BRDA:28,5,0,0
BRDA:35,6,0,22
BRDA:42,7,0,0
BRDA:43,8,0,0
BRDA:47,9,0,0
BRDA:49,10,0,160
BRDA:50,11,0,0
BRDA:51,12,0,160
BRDA:57,13,0,0
BRDA:57,14,0,160
BRDA:58,15,0,0
BRDA:63,16,0,2718
BRDA:67,17,0,0
BRDA:68,18,0,0
BRDA:70,19,0,0
BRDA:79,20,0,182
BRDA:80,21,0,0
BRDA:88,22,0,0
BRDA:93,23,0,837
BRDA:96,24,0,0
BRDA:117,25,0,678
BRDA:120,26,0,159
BRF:27
BRH:13
end_of_record
TN:
SF:src\activation.ts
FN:123,shouldLogDebug
FN:136,__setTestContext
FN:148,handleMessage
FN:294,migrateLegacyPAT
FN:312,buildMinimalWebviewHtml
FN:371,getApplicationActor
FN:381,showEditDialog
FN:497,dispatchApplicationEvent
FN:698,signInWithEntra
FN:718,signOutEntra
FN:733,safeCommandHandler
FN:762,ensureSharedContextBridge
FN:793,getPendingAuthReminderMap
FN:825,getPendingAuthConnectionIds
FN:845,cycleAuthSignIn
FN:868,describeConnection
FN:884,updateAuthStatusBar
FN:1001,notifyConnectionsList
FN:1018,ensureAuthReminder
FN:1031,triggerAuthReminderSignIn
FN:1097,clearAuthReminder
FN:1116,normalizeQuery
FN:1122,getStoredQueryForConnection
FN:1136,setStoredQueryForConnection
FN:1143,getQueryForProvider
FN:1157,setTimerConnectionFrom
FN:1170,getActiveTimerConnectionLabel
FN:1206,ensureActiveConnection
FN:1243,getConnectionAdapterInstance
FN:1253,resolveActiveConnectionTarget
FN:1306,configureProviderForConnection
FN:1326,finalizeConnectionSuccess
FN:1374,getClientForConnectionInfo
FN:1418,loadConnectionsFromConfig
FN:1530,saveConnectionsToConfig
FN:1559,ensureConnectionsInitialized
FN:1570,createDeviceCodeCallback
FN:1594,ensureTimer
FN:1672,updateTimerContext
FN:1677,persistTimer
FN:1686,restoreTimer
FN:1703,isVSCodeTestRun
FN:1716,getConfig
FN:1739,sendToWebview
FN:1779,forwardProviderMessage
FN:1806,resolveSnapshotTypes
FN:1829,resolveBranchContextPayload
FN:1843,enrichWorkItems
FN:1854,sendWorkItemsSnapshot
FN:1882,hasConfigOverride
FN:1895,resolveDefaultQuery
FN:1896,getValue
FN:1927,getDefaultQuery
FN:1932,setOpenAIApiKey
FN:1944,getExtensionVersion
FN:1957,migrateLegacyConfigIfNeeded
FN:1981,applyStartupPatches
FN:2019,applyClientIdRemovalPatch
FN:2046,getNonce
FN:2055,activate
FN:2419,deactivate
FN:2448,getSerializableContext
FN:2519,AzureDevOpsIntViewProvider
FN:2524,resolveWebviewView
FN:2636,diagnoseWorkItemsIssue
FNF:65
FNH:12
FNDA:0,shouldLogDebug
FNDA:6,__setTestContext
FNDA:6,handleMessage
FNDA:1,migrateLegacyPAT
FNDA:0,buildMinimalWebviewHtml
FNDA:0,getApplicationActor
FNDA:0,showEditDialog
FNDA:1,dispatchApplicationEvent
FNDA:0,signInWithEntra
FNDA:0,signOutEntra
FNDA:0,safeCommandHandler
FNDA:0,ensureSharedContextBridge
FNDA:0,getPendingAuthReminderMap
FNDA:0,getPendingAuthConnectionIds
FNDA:0,cycleAuthSignIn
FNDA:0,describeConnection
FNDA:0,updateAuthStatusBar
FNDA:0,notifyConnectionsList
FNDA:0,ensureAuthReminder
FNDA:0,triggerAuthReminderSignIn
FNDA:0,clearAuthReminder
FNDA:0,normalizeQuery
FNDA:2,getStoredQueryForConnection
FNDA:0,setStoredQueryForConnection
FNDA:0,getQueryForProvider
FNDA:0,setTimerConnectionFrom
FNDA:0,getActiveTimerConnectionLabel
FNDA:0,ensureActiveConnection
FNDA:0,getConnectionAdapterInstance
FNDA:0,resolveActiveConnectionTarget
FNDA:0,configureProviderForConnection
FNDA:0,finalizeConnectionSuccess
FNDA:0,getClientForConnectionInfo
FNDA:0,loadConnectionsFromConfig
FNDA:0,saveConnectionsToConfig
FNDA:0,ensureConnectionsInitialized
FNDA:0,createDeviceCodeCallback
FNDA:0,ensureTimer
FNDA:0,updateTimerContext
FNDA:0,persistTimer
FNDA:0,restoreTimer
FNDA:2,isVSCodeTestRun
FNDA:2,getConfig
FNDA:5,sendToWebview
FNDA:0,forwardProviderMessage
FNDA:0,resolveSnapshotTypes
FNDA:0,resolveBranchContextPayload
FNDA:0,enrichWorkItems
FNDA:0,sendWorkItemsSnapshot
FNDA:2,hasConfigOverride
FNDA:6,resolveDefaultQuery
FNDA:11,getValue
FNDA:2,getDefaultQuery
FNDA:0,setOpenAIApiKey
FNDA:0,getExtensionVersion
FNDA:0,migrateLegacyConfigIfNeeded
FNDA:0,applyStartupPatches
FNDA:0,applyClientIdRemovalPatch
FNDA:0,getNonce
FNDA:0,activate
FNDA:0,deactivate
FNDA:0,getSerializableContext
FNDA:0,AzureDevOpsIntViewProvider
FNDA:0,resolveWebviewView
FNDA:0,diagnoseWorkItemsIssue
DA:1,1
DA:2,1
DA:3,1
DA:4,1
DA:5,1
DA:6,1
DA:7,1
DA:8,1
DA:9,1
DA:10,1
DA:11,1
DA:12,1
DA:13,1
DA:14,1
DA:15,1
DA:16,1
DA:17,1
DA:18,1
DA:19,1
DA:20,1
DA:21,1
DA:22,1
DA:23,1
DA:24,1
DA:25,1
DA:26,1
DA:27,1
DA:28,1
DA:29,1
DA:30,1
DA:31,1
DA:32,1
DA:33,1
DA:34,1
DA:35,1
DA:36,1
DA:37,1
DA:38,1
DA:39,1
DA:40,1
DA:41,1
DA:42,1
DA:43,1
DA:44,1
DA:45,1
DA:46,1
DA:47,1
DA:48,1
DA:49,1
DA:50,1
DA:51,1
DA:52,1
DA:53,1
DA:54,1
DA:55,1
DA:56,1
DA:57,1
DA:58,1
DA:59,1
DA:60,1
DA:61,1
DA:62,1
DA:63,1
DA:64,1
DA:65,1
DA:66,1
DA:67,1
DA:68,1
DA:69,1
DA:70,1
DA:71,1
DA:72,1
DA:73,1
DA:74,1
DA:75,1
DA:76,1
DA:77,1
DA:78,1
DA:79,1
DA:80,1
DA:81,1
DA:82,1
DA:83,1
DA:84,1
DA:85,1
DA:86,1
DA:87,1
DA:88,1
DA:89,1
DA:90,1
DA:91,1
DA:92,1
DA:93,1
DA:94,1
DA:95,1
DA:96,1
DA:97,1
DA:98,1
DA:99,1
DA:100,1
DA:101,1
DA:102,1
DA:103,1
DA:104,1
DA:105,1
DA:106,1
DA:107,1
DA:108,1
DA:109,1
DA:110,1
DA:111,1
DA:112,1
DA:113,1
DA:114,1
DA:115,1
DA:116,1
DA:117,1
DA:118,1
DA:119,1
DA:120,1
DA:121,1
DA:122,1
DA:123,0
DA:124,0
DA:125,0
DA:126,0
DA:127,0
DA:128,0
DA:129,0
DA:130,1
DA:131,1
DA:132,1
DA:133,1
DA:134,1
DA:135,1
DA:136,1
DA:137,6
DA:138,6
DA:139,6
DA:140,6
DA:141,6
DA:142,6
DA:143,6
DA:144,6
DA:145,6
DA:146,6
DA:147,1
DA:148,1
DA:149,6
DA:150,6
DA:151,0
DA:152,0
DA:153,0
DA:154,0
DA:155,0
DA:156,0
DA:157,6
DA:158,0
DA:159,0
DA:160,0
DA:161,0
DA:162,0
DA:163,0
DA:164,0
DA:165,0
DA:166,0
DA:167,0
DA:168,0
DA:169,0
DA:170,0
DA:171,0
DA:172,0
DA:173,0
DA:174,6
DA:175,1
DA:176,1
DA:177,1
DA:178,1
DA:179,1
DA:180,1
DA:181,1
DA:182,1
DA:183,1
DA:184,1
DA:185,1
DA:186,1
DA:187,1
DA:188,6
DA:189,1
DA:190,1
DA:191,1
DA:192,1
DA:193,1
DA:194,1
DA:195,1
DA:196,1
DA:197,0
DA:198,0
DA:199,1
DA:200,1
DA:201,6
DA:202,1
DA:203,1
DA:204,1
DA:205,0
DA:206,0
DA:207,1
DA:208,1
DA:209,6
DA:210,1
DA:211,1
DA:212,1
DA:213,1
DA:214,1
DA:215,1
DA:216,1
DA:217,6
DA:218,2
DA:219,2
DA:220,0
DA:221,0
DA:222,0
DA:223,2
DA:224,2
DA:225,2
DA:226,2
DA:227,1
DA:228,1
DA:229,1
DA:230,1
DA:231,1
DA:232,1
DA:233,1
DA:234,1
DA:235,1
DA:236,1
DA:237,1
DA:238,1
DA:239,1
DA:240,1
DA:241,1
DA:242,1
DA:243,1
DA:244,1
DA:245,1
DA:246,1
DA:247,0
DA:248,1
DA:249,1
DA:250,1
DA:251,1
DA:252,1
DA:253,1
DA:254,1
DA:255,1
DA:256,1
DA:257,1
DA:258,1
DA:259,1
DA:260,1
DA:261,1
DA:262,1
DA:263,0
DA:264,0
DA:265,1
DA:266,1
DA:267,0
DA:268,0
DA:269,0
DA:270,0
DA:271,0
DA:272,0
DA:273,0
DA:274,0
DA:275,0
DA:276,0
DA:277,0
DA:278,0
DA:279,0
DA:280,0
DA:281,2
DA:282,0
DA:283,2
DA:284,2
DA:285,2
DA:286,6
DA:287,0
DA:288,0
DA:289,6
DA:290,6
DA:291,1
DA:292,1
DA:293,1
DA:294,1
DA:295,1
DA:296,1
DA:297,1
DA:298,1
DA:299,1
DA:300,1
DA:301,1
DA:302,1
DA:303,0
DA:304,0
DA:305,1
DA:306,1
DA:307,0
DA:308,0
DA:309,1
DA:310,1
DA:311,1
DA:312,1
DA:313,0
DA:314,0
DA:315,0
DA:316,0
DA:317,0
DA:318,0
DA:319,0
DA:320,0
DA:321,0
DA:322,0
DA:323,0
DA:324,0
DA:325,0
DA:326,0
DA:327,0
DA:328,0
DA:329,0
DA:330,0
DA:331,0
DA:332,0
DA:333,0
DA:334,0
DA:335,0
DA:336,0
DA:337,0
DA:338,0
DA:339,0
DA:340,0
DA:341,0
DA:342,0
DA:343,0
DA:344,0
DA:345,0
DA:346,1
DA:347,1
DA:348,1
DA:349,1
DA:350,1
DA:351,1
DA:352,1
DA:353,1
DA:354,1
DA:355,1
DA:356,1
DA:357,1
DA:358,1
DA:359,1
DA:360,1
DA:361,1
DA:362,1
DA:363,1
DA:364,1
DA:365,1
DA:366,1
DA:367,1
DA:368,1
DA:369,1
DA:370,1
DA:371,0
DA:372,0
DA:373,0
DA:374,0
DA:375,0
DA:376,0
DA:377,0
DA:378,0
DA:379,0
DA:380,1
DA:381,0
DA:382,0
DA:383,0
DA:384,0
DA:385,0
DA:386,0
DA:387,0
DA:388,0
DA:389,0
DA:390,0
DA:391,0
DA:392,0
DA:393,0
DA:394,0
DA:395,0
DA:396,0
DA:397,0
DA:398,0
DA:399,0
DA:400,0
DA:401,0
DA:402,0
DA:403,0
DA:404,0
DA:405,0
DA:406,0
DA:407,0
DA:408,0
DA:409,0
DA:410,0
DA:411,0
DA:412,0
DA:413,0
DA:414,0
DA:415,0
DA:416,0
DA:417,0
DA:418,0
DA:419,0
DA:420,0
DA:421,0
DA:422,0
DA:423,0
DA:424,0
DA:425,0
DA:426,0
DA:427,0
DA:428,0
DA:429,0
DA:430,0
DA:431,0
DA:432,0
DA:433,0
DA:434,0
DA:435,0
DA:436,0
DA:437,0
DA:438,0
DA:439,0
DA:440,0
DA:441,0
DA:442,0
DA:443,0
DA:444,0
DA:445,0
DA:446,0
DA:447,0
DA:448,0
DA:449,0
DA:450,0
DA:451,0
DA:452,0
DA:453,0
DA:454,0
DA:455,0
DA:456,0
DA:457,0
DA:458,0
DA:459,0
DA:460,0
DA:461,0
DA:462,0
DA:463,0
DA:464,0
DA:465,0
DA:466,0
DA:467,0
DA:468,0
DA:469,0
DA:470,0
DA:471,0
DA:472,0
DA:473,0
DA:474,0
DA:475,0
DA:476,0
DA:477,0
DA:478,0
DA:479,0
DA:480,0
DA:481,0
DA:482,0
DA:483,0
DA:484,0
DA:485,0
DA:486,0
DA:487,0
DA:488,0
DA:489,0
DA:490,0
DA:491,0
DA:492,0
DA:493,0
DA:494,0
DA:495,0
DA:496,1
DA:497,1
DA:498,1
DA:499,1
DA:500,1
DA:501,1
DA:502,1
DA:503,1
DA:504,0
DA:505,0
DA:506,0
DA:507,0
DA:508,0
DA:509,0
DA:510,0
DA:511,0
DA:512,0
DA:513,0
DA:514,1
DA:515,0
DA:516,0
DA:517,0
DA:518,0
DA:519,0
DA:520,0
DA:521,0
DA:522,0
DA:523,0
DA:524,0
DA:525,0
DA:526,0
DA:527,0
DA:528,0
DA:529,0
DA:530,0
DA:531,0
DA:532,0
DA:533,0
DA:534,0
DA:535,0
DA:536,0
DA:537,0
DA:538,0
DA:539,0
DA:540,0
DA:541,0
DA:542,0
DA:543,0
DA:544,0
DA:545,0
DA:546,0
DA:547,0
DA:548,0
DA:549,0
DA:550,0
DA:551,0
DA:552,0
DA:553,0
DA:554,0
DA:555,0
DA:556,0
DA:557,0
DA:558,0
DA:559,0
DA:560,0
DA:561,0
DA:562,0
DA:563,0
DA:564,0
DA:565,0
DA:566,0
DA:567,0
DA:568,0
DA:569,0
DA:570,0
DA:571,0
DA:572,0
DA:573,0
DA:574,0
DA:575,0
DA:576,0
DA:577,0
DA:578,0
DA:579,0
DA:580,0
DA:581,0
DA:582,0
DA:583,0
DA:584,0
DA:585,0
DA:586,0
DA:587,0
DA:588,0
DA:589,0
DA:590,0
DA:591,0
DA:592,0
DA:593,0
DA:594,0
DA:595,0
DA:596,0
DA:597,0
DA:598,0
DA:599,0
DA:600,0
DA:601,0
DA:602,0
DA:603,1
DA:604,0
DA:605,0
DA:606,0
DA:607,0
DA:608,0
DA:609,0
DA:610,0
DA:611,0
DA:612,0
DA:613,0
DA:614,0
DA:615,0
DA:616,0
DA:617,0
DA:618,0
DA:619,0
DA:620,0
DA:621,0
DA:622,0
DA:623,0
DA:624,1
DA:625,1
DA:626,0
DA:627,0
DA:628,0
DA:629,0
DA:630,0
DA:631,0
DA:632,1
DA:633,0
DA:634,0
DA:635,0
DA:636,0
DA:637,0
DA:638,0
DA:639,0
DA:640,0
DA:641,0
DA:642,0
DA:643,0
DA:644,0
DA:645,0
DA:646,0
DA:647,0
DA:648,0
DA:649,0
DA:650,0
DA:651,0
DA:652,0
DA:653,0
DA:654,0
DA:655,0
DA:656,0
DA:657,0
DA:658,0
DA:659,0
DA:660,0
DA:661,0
DA:662,0
DA:663,0
DA:664,0
DA:665,0
DA:666,0
DA:667,0
DA:668,0
DA:669,0
DA:670,0
DA:671,0
DA:672,0
DA:673,0
DA:674,0
DA:675,0
DA:676,0
DA:677,0
DA:678,0
DA:679,0
DA:680,0
DA:681,0
DA:682,0
DA:683,0
DA:684,0
DA:685,0
DA:686,0
DA:687,0
DA:688,0
DA:689,0
DA:690,0
DA:691,1
DA:692,1
DA:693,1
DA:694,1
DA:695,1
DA:696,1
DA:697,1
DA:698,0
DA:699,0
DA:700,0
DA:701,0
DA:702,0
DA:703,0
DA:704,0
DA:705,0
DA:706,0
DA:707,0
DA:708,0
DA:709,0
DA:710,0
DA:711,0
DA:712,0
DA:713,0
DA:714,0
DA:715,0
DA:716,0
DA:717,1
DA:718,0
DA:719,0
DA:720,0
DA:721,0
DA:722,0
DA:723,0
DA:724,0
DA:725,0
DA:726,0
DA:727,0
DA:728,0
DA:729,0
DA:730,0
DA:731,0
DA:732,1
DA:733,0
DA:734,0
DA:735,0
DA:736,0
DA:737,0
DA:738,0
DA:739,0
DA:740,0
DA:741,0
DA:742,0
DA:743,0
DA:744,0
DA:745,0
DA:746,0
DA:747,0
DA:748,0
DA:749,0
DA:750,0
DA:751,0
DA:752,0
DA:753,0
DA:754,0
DA:755,0
DA:756,0
DA:757,0
DA:758,0
DA:759,0
DA:760,0
DA:761,1
DA:762,0
DA:763,0
DA:764,0
DA:765,0
DA:766,0
DA:767,0
DA:768,0
DA:769,0
DA:770,0
DA:771,0
DA:772,0
DA:773,0
DA:774,0
DA:775,0
DA:776,0
DA:777,0
DA:778,0
DA:779,0
DA:780,0
DA:781,0
DA:782,0
DA:783,0
DA:784,0
DA:785,0
DA:786,0
DA:787,0
DA:788,0
DA:789,0
DA:790,0
DA:791,0
DA:792,1
DA:793,0
DA:794,0
DA:795,0
DA:796,0
DA:797,0
DA:798,0
DA:799,0
DA:800,0
DA:801,0
DA:802,0
DA:803,0
DA:804,0
DA:805,0
DA:806,0
DA:807,0
DA:808,0
DA:809,0
DA:810,0
DA:811,0
DA:812,0
DA:813,0
DA:814,0
DA:815,0
DA:816,0
DA:817,0
DA:818,0
DA:819,0
DA:820,0
DA:821,0
DA:822,0
DA:823,0
DA:824,1
DA:825,0
DA:826,0
DA:827,0
DA:828,0
DA:829,0
DA:830,0
DA:831,0
DA:832,0
DA:833,0
DA:834,0
DA:835,0
DA:836,0
DA:837,0
DA:838,0
DA:839,0
DA:840,0
DA:841,0
DA:842,0
DA:843,0
DA:844,1
DA:845,0
DA:846,0
DA:847,0
DA:848,0
DA:849,0
DA:850,0
DA:851,0
DA:852,0
DA:853,0
DA:854,0
DA:855,0
DA:856,0
DA:857,0
DA:858,0
DA:859,0
DA:860,0
DA:861,0
DA:862,0
DA:863,0
DA:864,0
DA:865,0
DA:866,0
DA:867,1
DA:868,0
DA:869,0
DA:870,0
DA:871,0
DA:872,0
DA:873,0
DA:874,0
DA:875,0
DA:876,0
DA:877,0
DA:878,0
DA:879,0
DA:880,0
DA:881,0
DA:882,0
DA:883,1
DA:884,0
DA:885,0
DA:886,0
DA:887,0
DA:888,0
DA:889,0
DA:890,0
DA:891,0
DA:892,0
DA:893,0
DA:894,0
DA:895,0
DA:896,0
DA:897,0
DA:898,0
DA:899,0
DA:900,0
DA:901,0
DA:902,0
DA:903,0
DA:904,0
DA:905,0
DA:906,0
DA:907,0
DA:908,0
DA:909,0
DA:910,0
DA:911,0
DA:912,0
DA:913,0
DA:914,0
DA:915,0
DA:916,0
DA:917,0
DA:918,0
DA:919,0
DA:920,0
DA:921,0
DA:922,0
DA:923,0
DA:924,0
DA:925,0
DA:926,0
DA:927,0
DA:928,0
DA:929,0
DA:930,0
DA:931,0
DA:932,0
DA:933,0
DA:934,0
DA:935,0
DA:936,0
DA:937,0
DA:938,0
DA:939,0
DA:940,0
DA:941,0
DA:942,0
DA:943,0
DA:944,0
DA:945,0
DA:946,0
DA:947,0
DA:948,0
DA:949,0
DA:950,0
DA:951,0
DA:952,0
DA:953,0
DA:954,0
DA:955,0
DA:956,0
DA:957,0
DA:958,0
DA:959,0
DA:960,0
DA:961,0
DA:962,0
DA:963,0
DA:964,0
DA:965,0
DA:966,0
DA:967,0
DA:968,0
DA:969,0
DA:970,0
DA:971,0
DA:972,0
DA:973,0
DA:974,0
DA:975,0
DA:976,0
DA:977,0
DA:978,0
DA:979,0
DA:980,0
DA:981,0
DA:982,0
DA:983,0
DA:984,0
DA:985,0
DA:986,0
DA:987,0
DA:988,0
DA:989,0
DA:990,0
DA:991,0
DA:992,0
DA:993,0
DA:994,0
DA:995,0
DA:996,0
DA:997,0
DA:998,0
DA:999,0
DA:1000,1
DA:1001,0
DA:1002,0
DA:1003,0
DA:1004,0
DA:1005,0
DA:1006,0
DA:1007,0
DA:1008,0
DA:1009,0
DA:1010,0
DA:1011,0
DA:1012,0
DA:1013,0
DA:1014,0
DA:1015,0
DA:1016,0
DA:1017,1
DA:1018,0
DA:1019,0
DA:1020,0
DA:1021,0
DA:1022,0
DA:1023,0
DA:1024,0
DA:1025,0
DA:1026,0
DA:1027,0
DA:1028,0
DA:1029,0
DA:1030,1
DA:1031,0
DA:1032,0
DA:1033,0
DA:1034,0
DA:1035,0
DA:1036,0
DA:1037,0
DA:1038,0
DA:1039,0
DA:1040,0
DA:1041,0
DA:1042,0
DA:1043,0
DA:1044,0
DA:1045,0
DA:1046,0
DA:1047,0
DA:1048,0
DA:1049,0
DA:1050,0
DA:1051,0
DA:1052,0
DA:1053,0
DA:1054,0
DA:1055,0
DA:1056,0
DA:1057,0
DA:1058,0
DA:1059,0
DA:1060,0
DA:1061,0
DA:1062,0
DA:1063,0
DA:1064,0
DA:1065,0
DA:1066,0
DA:1067,0
DA:1068,0
DA:1069,0
DA:1070,0
DA:1071,0
DA:1072,0
DA:1073,0
DA:1074,0
DA:1075,0
DA:1076,0
DA:1077,0
DA:1078,0
DA:1079,0
DA:1080,0
DA:1081,0
DA:1082,0
DA:1083,0
DA:1084,0
DA:1085,0
DA:1086,0
DA:1087,0
DA:1088,0
DA:1089,0
DA:1090,0
DA:1091,0
DA:1092,0
DA:1093,0
DA:1094,0
DA:1095,0
DA:1096,1
DA:1097,0
DA:1098,0
DA:1099,0
DA:1100,0
DA:1101,0
DA:1102,0
DA:1103,0
DA:1104,0
DA:1105,0
DA:1106,0
DA:1107,0
DA:1108,0
DA:1109,0
DA:1110,0
DA:1111,0
DA:1112,0
DA:1113,0
DA:1114,0
DA:1115,1
DA:1116,0
DA:1117,0
DA:1118,0
DA:1119,0
DA:1120,0
DA:1121,1
DA:1122,2
DA:1123,2
DA:1124,2
DA:1125,2
DA:1126,2
DA:1127,2
DA:1128,0
DA:1129,2
DA:1130,0
DA:1131,0
DA:1132,0
DA:1133,0
DA:1134,0
DA:1135,1
DA:1136,0
DA:1137,0
DA:1138,0
DA:1139,0
DA:1140,0
DA:1141,0
DA:1142,1
DA:1143,0
DA:1144,0
DA:1145,0
DA:1146,0
DA:1147,0
DA:1148,0
DA:1149,0
DA:1150,0
DA:1151,0
DA:1152,0
DA:1153,0
DA:1154,0
DA:1155,0
DA:1156,1
DA:1157,0
DA:1158,0
DA:1159,0
DA:1160,0
DA:1161,0
DA:1162,0
DA:1163,0
DA:1164,0
DA:1165,0
DA:1166,0
DA:1167,0
DA:1168,0
DA:1169,1
DA:1170,0
DA:1171,0
DA:1172,0
DA:1173,0
DA:1174,0
DA:1175,0
DA:1176,0
DA:1177,0
DA:1178,0
DA:1179,0
DA:1180,0
DA:1181,0
DA:1182,0
DA:1183,0
DA:1184,0
DA:1185,0
DA:1186,0
DA:1187,0
DA:1188,0
DA:1189,0
DA:1190,0
DA:1191,0
DA:1192,0
DA:1193,0
DA:1194,0
DA:1195,0
DA:1196,0
DA:1197,0
DA:1198,0
DA:1199,1
DA:1200,1
DA:1201,1
DA:1202,1
DA:1203,1
DA:1204,1
DA:1205,1
DA:1206,0
DA:1207,0
DA:1208,0
DA:1209,0
DA:1210,0
DA:1211,0
DA:1212,0
DA:1213,0
DA:1214,0
DA:1215,0
DA:1216,0
DA:1217,0
DA:1218,0
DA:1219,0
DA:1220,0
DA:1221,0
DA:1222,0
DA:1223,0
DA:1224,0
DA:1225,0
DA:1226,0
DA:1227,0
DA:1228,0
DA:1229,0
DA:1230,0
DA:1231,0
DA:1232,0
DA:1233,0
DA:1234,0
DA:1235,0
DA:1236,0
DA:1237,0
DA:1238,0
DA:1239,0
DA:1240,0
DA:1241,0
DA:1242,1
DA:1243,0
DA:1244,0
DA:1245,0
DA:1246,0
DA:1247,0
DA:1248,0
DA:1249,0
DA:1250,0
DA:1251,0
DA:1252,1
DA:1253,0
DA:1254,0
DA:1255,0
DA:1256,0
DA:1257,0
DA:1258,0
DA:1259,0
DA:1260,0
DA:1261,0
DA:1262,0
DA:1263,0
DA:1264,0
DA:1265,0
DA:1266,0
DA:1267,0
DA:1268,0
DA:1269,0
DA:1270,0
DA:1271,0
DA:1272,0
DA:1273,0
DA:1274,0
DA:1275,0
DA:1276,0
DA:1277,0
DA:1278,0
DA:1279,0
DA:1280,0
DA:1281,0
DA:1282,0
DA:1283,0
DA:1284,0
DA:1285,0
DA:1286,0
DA:1287,0
DA:1288,0
DA:1289,0
DA:1290,0
DA:1291,0
DA:1292,0
DA:1293,0
DA:1294,0
DA:1295,0
DA:1296,0
DA:1297,0
DA:1298,0
DA:1299,0
DA:1300,0
DA:1301,0
DA:1302,0
DA:1303,0
DA:1304,0
DA:1305,1
DA:1306,0
DA:1307,0
DA:1308,0
DA:1309,0
DA:1310,0
DA:1311,0
DA:1312,0
DA:1313,0
DA:1314,0
DA:1315,0
DA:1316,0
DA:1317,0
DA:1318,0
DA:1319,0
DA:1320,0
DA:1321,0
DA:1322,0
DA:1323,0
DA:1324,0
DA:1325,1
DA:1326,0
DA:1327,0
DA:1328,0
DA:1329,0
DA:1330,0
DA:1331,0
DA:1332,0
DA:1333,0
DA:1334,0
DA:1335,0
DA:1336,0
DA:1337,0
DA:1338,0
DA:1339,0
DA:1340,0
DA:1341,0
DA:1342,0
DA:1343,0
DA:1344,0
DA:1345,0
DA:1346,0
DA:1347,0
DA:1348,0
DA:1349,0
DA:1350,0
DA:1351,0
DA:1352,0
DA:1353,0
DA:1354,0
DA:1355,0
DA:1356,0
DA:1357,0
DA:1358,0
DA:1359,0
DA:1360,0
DA:1361,0
DA:1362,0
DA:1363,0
DA:1364,0
DA:1365,0
DA:1366,0
DA:1367,0
DA:1368,0
DA:1369,0
DA:1370,0
DA:1371,0
DA:1372,0
DA:1373,1
DA:1374,0
DA:1375,0
DA:1376,0
DA:1377,0
DA:1378,0
DA:1379,0
DA:1380,0
DA:1381,0
DA:1382,0
DA:1383,0
DA:1384,0
DA:1385,0
DA:1386,0
DA:1387,0
DA:1388,0
DA:1389,0
DA:1390,0
DA:1391,0
DA:1392,0
DA:1393,0
DA:1394,0
DA:1395,0
DA:1396,0
DA:1397,0
DA:1398,0
DA:1399,0
DA:1400,0
DA:1401,0
DA:1402,0
DA:1403,0
DA:1404,0
DA:1405,0
DA:1406,0
DA:1407,0
DA:1408,0
DA:1409,0
DA:1410,0
DA:1411,0
DA:1412,0
DA:1413,0
DA:1414,0
DA:1415,0
DA:1416,0
DA:1417,1
DA:1418,0
DA:1419,0
DA:1420,0
DA:1421,0
DA:1422,0
DA:1423,0
DA:1424,0
DA:1425,0
DA:1426,0
DA:1427,0
DA:1428,0
DA:1429,0
DA:1430,0
DA:1431,0
DA:1432,0
DA:1433,0
DA:1434,0
DA:1435,0
DA:1436,0
DA:1437,0
DA:1438,0
DA:1439,0
DA:1440,0
DA:1441,0
DA:1442,0
DA:1443,0
DA:1444,0
DA:1445,0
DA:1446,0
DA:1447,0
DA:1448,0
DA:1449,0
DA:1450,0
DA:1451,0
DA:1452,0
DA:1453,0
DA:1454,0
DA:1455,0
DA:1456,0
DA:1457,0
DA:1458,0
DA:1459,0
DA:1460,0
DA:1461,0
DA:1462,0
DA:1463,0
DA:1464,0
DA:1465,0
DA:1466,0
DA:1467,0
DA:1468,0
DA:1469,0
DA:1470,0
DA:1471,0
DA:1472,0
DA:1473,0
DA:1474,0
DA:1475,0
DA:1476,0
DA:1477,0
DA:1478,0
DA:1479,0
DA:1480,0
DA:1481,0
DA:1482,0
DA:1483,0
DA:1484,0
DA:1485,0
DA:1486,0
DA:1487,0
DA:1488,0
DA:1489,0
DA:1490,0
DA:1491,0
DA:1492,0
DA:1493,0
DA:1494,0
DA:1495,0
DA:1496,0
DA:1497,0
DA:1498,0
DA:1499,0
DA:1500,0
DA:1501,0
DA:1502,0
DA:1503,0
DA:1504,0
DA:1505,0
DA:1506,0
DA:1507,0
DA:1508,0
DA:1509,0
DA:1510,0
DA:1511,0
DA:1512,0
DA:1513,0
DA:1514,0
DA:1515,0
DA:1516,0
DA:1517,0
DA:1518,0
DA:1519,0
DA:1520,0
DA:1521,0
DA:1522,0
DA:1523,0
DA:1524,0
DA:1525,0
DA:1526,0
DA:1527,0
DA:1528,0
DA:1529,1
DA:1530,0
DA:1531,0
DA:1532,0
DA:1533,0
DA:1534,0
DA:1535,0
DA:1536,0
DA:1537,0
DA:1538,0
DA:1539,0
DA:1540,0
DA:1541,0
DA:1542,0
DA:1543,0
DA:1544,0
DA:1545,0
DA:1546,0
DA:1547,0
DA:1548,0
DA:1549,0
DA:1550,0
DA:1551,0
DA:1552,0
DA:1553,0
DA:1554,0
DA:1555,0
DA:1556,0
DA:1557,0
DA:1558,1
DA:1559,0
DA:1560,0
DA:1561,0
DA:1562,0
DA:1563,1
DA:1564,1
DA:1565,1
DA:1566,1
DA:1567,1
DA:1568,1
DA:1569,1
DA:1570,1
DA:1571,0
DA:1572,0
DA:1573,0
DA:1574,0
DA:1575,0
DA:1576,0
DA:1577,0
DA:1578,0
DA:1579,0
DA:1580,0
DA:1581,0
DA:1582,0
DA:1583,0
DA:1584,0
DA:1585,0
DA:1586,0
DA:1587,0
DA:1588,0
DA:1589,0
DA:1590,0
DA:1591,0
DA:1592,0
DA:1593,1
DA:1594,0
DA:1595,0
DA:1596,0
DA:1597,0
DA:1598,0
DA:1599,0
DA:1600,0
DA:1601,0
DA:1602,0
DA:1603,0
DA:1604,0
DA:1605,0
DA:1606,0
DA:1607,0
DA:1608,0
DA:1609,0
DA:1610,0
DA:1611,0
DA:1612,0
DA:1613,0
DA:1614,0
DA:1615,0
DA:1616,0
DA:1617,0
DA:1618,0
DA:1619,0
DA:1620,0
DA:1621,0
DA:1622,0
DA:1623,0
DA:1624,0
DA:1625,0
DA:1626,0
DA:1627,0
DA:1628,0
DA:1629,0
DA:1630,0
DA:1631,0
DA:1632,0
DA:1633,0
DA:1634,0
DA:1635,0
DA:1636,0
DA:1637,0
DA:1638,0
DA:1639,0
DA:1640,0
DA:1641,0
DA:1642,0
DA:1643,0
DA:1644,0
DA:1645,0
DA:1646,0
DA:1647,0
DA:1648,0
DA:1649,0
DA:1650,0
DA:1651,0
DA:1652,0
DA:1653,0
DA:1654,0
DA:1655,0
DA:1656,0
DA:1657,0
DA:1658,0
DA:1659,0
DA:1660,0
DA:1661,0
DA:1662,0
DA:1663,0
DA:1664,0
DA:1665,0
DA:1666,0
DA:1667,0
DA:1668,0
DA:1669,0
DA:1670,0
DA:1671,1
DA:1672,0
DA:1673,0
DA:1674,0
DA:1675,0
DA:1676,1
DA:1677,0
DA:1678,0
DA:1679,0
DA:1680,0
DA:1681,0
DA:1682,0
DA:1683,0
DA:1684,0
DA:1685,1
DA:1686,0
DA:1687,0
DA:1688,0
DA:1689,0
DA:1690,0
DA:1691,0
DA:1692,0
DA:1693,0
DA:1694,0
DA:1695,0
DA:1696,0
DA:1697,0
DA:1698,0
DA:1699,1
DA:1700,1
DA:1701,1
DA:1702,1
DA:1703,2
DA:1704,2
DA:1705,2
DA:1706,2
DA:1707,15
DA:1708,15
DA:1709,2
DA:1710,2
DA:1711,0
DA:1712,0
DA:1713,2
DA:1714,1
DA:1715,1
DA:1716,2
DA:1717,2
DA:1718,2
DA:1719,1
DA:1720,1
DA:1721,1
DA:1722,1
DA:1723,1
DA:1724,1
DA:1725,1
DA:1726,1
DA:1727,1
DA:1728,1
DA:1729,1
DA:1730,1
DA:1731,1
DA:1732,1
DA:1733,1
DA:1734,1
DA:1735,1
DA:1736,1
DA:1737,1
DA:1738,1
DA:1739,5
DA:1740,5
DA:1741,5
DA:1742,5
DA:1743,1
DA:1744,1
DA:1745,1
DA:1746,1
DA:1747,1
DA:1748,1
DA:1749,1
DA:1750,1
DA:1751,1
DA:1752,1
DA:1753,1
DA:1754,1
DA:1755,1
DA:1756,1
DA:1757,1
DA:1758,1
DA:1759,1
DA:1760,1
DA:1761,1
DA:1762,1
DA:1763,5
DA:1764,5
DA:1765,0
DA:1766,0
DA:1767,0
DA:1768,5
DA:1769,5
DA:1770,5
DA:1771,5
DA:1772,0
DA:1773,0
DA:1774,0
DA:1775,0
DA:1776,0
DA:1777,5
DA:1778,1
DA:1779,0
DA:1780,0
DA:1781,0
DA:1782,0
DA:1783,0
DA:1784,0
DA:1785,0
DA:1786,0
DA:1787,0
DA:1788,0
DA:1789,0
DA:1790,0
DA:1791,0
DA:1792,0
DA:1793,0
DA:1794,0
DA:1795,0
DA:1796,0
DA:1797,0
DA:1798,0
DA:1799,0
DA:1800,0
DA:1801,0
DA:1802,0
DA:1803,0
DA:1804,0
DA:1805,1
DA:1806,0
DA:1807,0
DA:1808,0
DA:1809,0
DA:1810,0
DA:1811,0
DA:1812,0
DA:1813,0
DA:1814,0
DA:1815,0
DA:1816,0
DA:1817,0
DA:1818,0
DA:1819,0
DA:1820,0
DA:1821,0
DA:1822,0
DA:1823,0
DA:1824,0
DA:1825,0
DA:1826,0
DA:1827,0
DA:1828,1
DA:1829,0
DA:1830,0
DA:1831,0
DA:1832,0
DA:1833,0
DA:1834,0
DA:1835,0
DA:1836,0
DA:1837,0
DA:1838,0
DA:1839,0
DA:1840,0
DA:1841,0
DA:1842,1
DA:1843,0
DA:1844,0
DA:1845,0
DA:1846,0
DA:1847,0
DA:1848,0
DA:1849,0
DA:1850,0
DA:1851,0
DA:1852,0
DA:1853,1
DA:1854,0
DA:1855,0
DA:1856,0
DA:1857,0
DA:1858,0
DA:1859,0
DA:1860,0
DA:1861,0
DA:1862,0
DA:1863,0
DA:1864,0
DA:1865,0
DA:1866,0
DA:1867,0
DA:1868,0
DA:1869,0
DA:1870,0
DA:1871,0
DA:1872,0
DA:1873,0
DA:1874,0
DA:1875,0
DA:1876,0
DA:1877,0
DA:1878,0
DA:1879,0
DA:1880,0
DA:1881,1
DA:1882,2
DA:1883,2
DA:1884,2
DA:1885,2
DA:1886,2
DA:1887,2
DA:1888,2
DA:1889,2
DA:1890,2
DA:1891,2
DA:1892,2
DA:1893,2
DA:1894,1
DA:1895,1
DA:1896,6
DA:1897,11
DA:1898,11
DA:1899,11
DA:1900,5
DA:1901,11
DA:1902,11
DA:1903,0
DA:1904,0
DA:1905,11
DA:1906,6
DA:1907,6
DA:1908,6
DA:1909,5
DA:1910,5
DA:1911,6
DA:1912,3
DA:1913,3
DA:1914,3
DA:1915,2
DA:1916,2
DA:1917,3
DA:1918,3
DA:1919,0
DA:1920,0
DA:1921,0
DA:1922,3
DA:1923,3
DA:1924,3
DA:1925,3
DA:1926,1
DA:1927,2
DA:1928,2
DA:1929,2
DA:1930,2
DA:1931,1
DA:1932,0
DA:1933,0
DA:1934,0
DA:1935,0
DA:1936,0
DA:1937,0
DA:1938,0
DA:1939,0
DA:1940,0
DA:1941,0
DA:1942,0
DA:1943,1
DA:1944,0
DA:1945,0
DA:1946,0
DA:1947,0
DA:1948,0
DA:1949,0
DA:1950,0
DA:1951,0
DA:1952,0
DA:1953,0
DA:1954,0
DA:1955,0
DA:1956,0
DA:1957,0
DA:1958,0
DA:1959,0
DA:1960,0
DA:1961,0
DA:1962,0
DA:1963,0
DA:1964,0
DA:1965,0
DA:1966,0
DA:1967,0
DA:1968,0
DA:1969,0
DA:1970,0
DA:1971,1
DA:1972,1
DA:1973,1
DA:1974,1
DA:1975,1
DA:1976,1
DA:1977,1
DA:1978,1
DA:1979,1
DA:1980,1
DA:1981,0
DA:1982,0
DA:1983,0
DA:1984,0
DA:1985,0
DA:1986,0
DA:1987,0
DA:1988,0
DA:1989,0
DA:1990,0
DA:1991,0
DA:1992,0
DA:1993,0
DA:1994,0
DA:1995,0
DA:1996,0
DA:1997,0
DA:1998,0
DA:1999,0
DA:2000,0
DA:2001,0
DA:2002,0
DA:2003,0
DA:2004,0
DA:2005,0
DA:2006,0
DA:2007,0
DA:2008,1
DA:2009,1
DA:2010,1
DA:2011,1
DA:2012,1
DA:2013,1
DA:2014,1
DA:2015,1
DA:2016,1
DA:2017,1
DA:2018,1
DA:2019,0
DA:2020,0
DA:2021,0
DA:2022,0
DA:2023,0
DA:2024,0
DA:2025,0
DA:2026,0
DA:2027,0
DA:2028,0
DA:2029,0
DA:2030,0
DA:2031,0
DA:2032,0
DA:2033,0
DA:2034,0
DA:2035,0
DA:2036,0
DA:2037,0
DA:2038,0
DA:2039,0
DA:2040,0
DA:2041,0
DA:2042,0
DA:2043,0
DA:2044,0
DA:2045,1
DA:2046,0
DA:2047,0
DA:2048,0
DA:2049,0
DA:2050,0
DA:2051,0
DA:2052,0
DA:2053,0
DA:2054,1
DA:2055,0
DA:2056,0
DA:2057,0
DA:2058,0
DA:2059,0
DA:2060,0
DA:2061,0
DA:2062,0
DA:2063,0
DA:2064,0
DA:2065,0
DA:2066,0
DA:2067,0
DA:2068,0
DA:2069,0
DA:2070,0
DA:2071,0
DA:2072,0
DA:2073,0
DA:2074,0
DA:2075,0
DA:2076,0
DA:2077,0
DA:2078,0
DA:2079,0
DA:2080,0
DA:2081,0
DA:2082,0
DA:2083,0
DA:2084,0
DA:2085,0
DA:2086,0
DA:2087,0
DA:2088,0
DA:2089,0
DA:2090,0
DA:2091,0
DA:2092,0
DA:2093,0
DA:2094,0
DA:2095,0
DA:2096,0
DA:2097,0
DA:2098,0
DA:2099,0
DA:2100,0
DA:2101,0
DA:2102,0
DA:2103,0
DA:2104,0
DA:2105,0
DA:2106,0
DA:2107,0
DA:2108,0
DA:2109,0
DA:2110,0
DA:2111,0
DA:2112,0
DA:2113,0
DA:2114,0
DA:2115,0
DA:2116,0
DA:2117,0
DA:2118,0
DA:2119,0
DA:2120,0
DA:2121,0
DA:2122,0
DA:2123,0
DA:2124,0
DA:2125,0
DA:2126,0
DA:2127,0
DA:2128,0
DA:2129,0
DA:2130,0
DA:2131,0
DA:2132,0
DA:2133,0
DA:2134,0
DA:2135,0
DA:2136,0
DA:2137,0
DA:2138,0
DA:2139,0
DA:2140,0
DA:2141,0
DA:2142,0
DA:2143,0
DA:2144,0
DA:2145,0
DA:2146,0
DA:2147,0
DA:2148,0
DA:2149,0
DA:2150,0
DA:2151,0
DA:2152,0
DA:2153,0
DA:2154,0
DA:2155,0
DA:2156,0
DA:2157,0
DA:2158,0
DA:2159,0
DA:2160,0
DA:2161,0
DA:2162,0
DA:2163,0
DA:2164,0
DA:2165,0
DA:2166,0
DA:2167,0
DA:2168,0
DA:2169,0
DA:2170,0
DA:2171,0
DA:2172,0
DA:2173,0
DA:2174,0
DA:2175,0
DA:2176,0
DA:2177,0
DA:2178,0
DA:2179,0
DA:2180,0
DA:2181,0
DA:2182,0
DA:2183,0
DA:2184,0
DA:2185,0
DA:2186,0
DA:2187,0
DA:2188,0
DA:2189,0
DA:2190,0
DA:2191,0
DA:2192,0
DA:2193,0
DA:2194,0
DA:2195,0
DA:2196,0
DA:2197,0
DA:2198,0
DA:2199,0
DA:2200,0
DA:2201,0
DA:2202,0
DA:2203,0
DA:2204,0
DA:2205,0
DA:2206,0
DA:2207,0
DA:2208,0
DA:2209,0
DA:2210,0
DA:2211,0
DA:2212,0
DA:2213,0
DA:2214,0
DA:2215,0
DA:2216,0
DA:2217,0
DA:2218,0
DA:2219,0
DA:2220,0
DA:2221,0
DA:2222,0
DA:2223,0
DA:2224,0
DA:2225,0
DA:2226,0
DA:2227,0
DA:2228,0
DA:2229,0
DA:2230,0
DA:2231,0
DA:2232,0
DA:2233,0
DA:2234,0
DA:2235,0
DA:2236,0
DA:2237,0
DA:2238,0
DA:2239,0
DA:2240,0
DA:2241,0
DA:2242,0
DA:2243,0
DA:2244,0
DA:2245,0
DA:2246,0
DA:2247,0
DA:2248,0
DA:2249,0
DA:2250,0
DA:2251,0
DA:2252,0
DA:2253,0
DA:2254,0
DA:2255,0
DA:2256,0
DA:2257,0
DA:2258,0
DA:2259,0
DA:2260,0
DA:2261,0
DA:2262,0
DA:2263,0
DA:2264,0
DA:2265,0
DA:2266,0
DA:2267,0
DA:2268,0
DA:2269,0
DA:2270,0
DA:2271,0
DA:2272,0
DA:2273,0
DA:2274,0
DA:2275,0
DA:2276,0
DA:2277,0
DA:2278,0
DA:2279,0
DA:2280,0
DA:2281,0
DA:2282,0
DA:2283,0
DA:2284,0
DA:2285,0
DA:2286,0
DA:2287,0
DA:2288,0
DA:2289,0
DA:2290,0
DA:2291,0
DA:2292,0
DA:2293,0
DA:2294,0
DA:2295,0
DA:2296,0
DA:2297,0
DA:2298,0
DA:2299,0
DA:2300,0
DA:2301,0
DA:2302,0
DA:2303,0
DA:2304,0
DA:2305,0
DA:2306,0
DA:2307,0
DA:2308,0
DA:2309,0
DA:2310,0
DA:2311,0
DA:2312,0
DA:2313,0
DA:2314,0
DA:2315,0
DA:2316,0
DA:2317,0
DA:2318,0
DA:2319,0
DA:2320,0
DA:2321,0
DA:2322,0
DA:2323,0
DA:2324,0
DA:2325,0
DA:2326,0
DA:2327,0
DA:2328,0
DA:2329,0
DA:2330,0
DA:2331,0
DA:2332,0
DA:2333,0
DA:2334,0
DA:2335,0
DA:2336,0
DA:2337,0
DA:2338,0
DA:2339,0
DA:2340,0
DA:2341,0
DA:2342,0
DA:2343,0
DA:2344,0
DA:2345,0
DA:2346,0
DA:2347,0
DA:2348,0
DA:2349,0
DA:2350,0
DA:2351,0
DA:2352,0
DA:2353,0
DA:2354,0
DA:2355,0
DA:2356,0
DA:2357,0
DA:2358,0
DA:2359,0
DA:2360,0
DA:2361,0
DA:2362,0
DA:2363,0
DA:2364,0
DA:2365,0
DA:2366,0
DA:2367,0
DA:2368,0
DA:2369,0
DA:2370,0
DA:2371,0
DA:2372,0
DA:2373,0
DA:2374,0
DA:2375,0
DA:2376,0
DA:2377,0
DA:2378,0
DA:2379,0
DA:2380,0
DA:2381,0
DA:2382,0
DA:2383,0
DA:2384,0
DA:2385,0
DA:2386,0
DA:2387,0
DA:2388,0
DA:2389,0
DA:2390,0
DA:2391,0
DA:2392,0
DA:2393,0
DA:2394,0
DA:2395,0
DA:2396,0
DA:2397,0
DA:2398,0
DA:2399,0
DA:2400,0
DA:2401,0
DA:2402,0
DA:2403,0
DA:2404,0
DA:2405,0
DA:2406,0
DA:2407,0
DA:2408,0
DA:2409,0
DA:2410,0
DA:2411,0
DA:2412,0
DA:2413,0
DA:2414,0
DA:2415,0
DA:2416,0
DA:2417,0
DA:2418,1
DA:2419,1
DA:2420,0
DA:2421,0
DA:2422,0
DA:2423,0
DA:2424,0
DA:2425,0
DA:2426,0
DA:2427,0
DA:2428,0
DA:2429,0
DA:2430,0
DA:2431,0
DA:2432,0
DA:2433,0
DA:2434,0
DA:2435,0
DA:2436,0
DA:2437,0
DA:2438,0
DA:2439,0
DA:2440,0
DA:2441,0
DA:2442,0
DA:2443,0
DA:2444,0
DA:2445,0
DA:2446,1
DA:2447,1
DA:2448,0
DA:2449,0
DA:2450,0
DA:2451,0
DA:2452,0
DA:2453,0
DA:2454,0
DA:2455,0
DA:2456,0
DA:2457,0
DA:2458,0
DA:2459,0
DA:2460,0
DA:2461,0
DA:2462,0
DA:2463,0
DA:2464,0
DA:2465,0
DA:2466,0
DA:2467,0
DA:2468,0
DA:2469,0
DA:2470,0
DA:2471,0
DA:2472,0
DA:2473,0
DA:2474,0
DA:2475,0
DA:2476,0
DA:2477,0
DA:2478,0
DA:2479,0
DA:2480,0
DA:2481,0
DA:2482,0
DA:2483,0
DA:2484,0
DA:2485,0
DA:2486,0
DA:2487,0
DA:2488,0
DA:2489,0
DA:2490,0
DA:2491,0
DA:2492,0
DA:2493,0
DA:2494,0
DA:2495,0
DA:2496,0
DA:2497,0
DA:2498,0
DA:2499,0
DA:2500,0
DA:2501,0
DA:2502,0
DA:2503,0
DA:2504,0
DA:2505,0
DA:2506,0
DA:2507,0
DA:2508,0
DA:2509,0
DA:2510,0
DA:2511,0
DA:2512,0
DA:2513,1
DA:2514,1
DA:2515,1
DA:2516,1
DA:2517,1
DA:2518,1
DA:2519,1
DA:2520,0
DA:2521,0
DA:2522,0
DA:2523,1
DA:2524,1
DA:2525,0
DA:2526,0
DA:2527,0
DA:2528,0
DA:2529,0
DA:2530,0
DA:2531,0
DA:2532,0
DA:2533,0
DA:2534,0
DA:2535,0
DA:2536,0
DA:2537,0
DA:2538,0
DA:2539,0
DA:2540,0
DA:2541,0
DA:2542,0
DA:2543,0
DA:2544,0
DA:2545,0
DA:2546,0
DA:2547,0
DA:2548,0
DA:2549,0
DA:2550,0
DA:2551,0
DA:2552,0
DA:2553,0
DA:2554,0
DA:2555,0
DA:2556,0
DA:2557,0
DA:2558,0
DA:2559,0
DA:2560,0
DA:2561,0
DA:2562,0
DA:2563,0
DA:2564,0
DA:2565,0
DA:2566,0
DA:2567,0
DA:2568,0
DA:2569,0
DA:2570,0
DA:2571,0
DA:2572,0
DA:2573,0
DA:2574,0
DA:2575,0
DA:2576,0
DA:2577,0
DA:2578,0
DA:2579,0
DA:2580,0
DA:2581,0
DA:2582,0
DA:2583,0
DA:2584,0
DA:2585,0
DA:2586,0
DA:2587,0
DA:2588,0
DA:2589,0
DA:2590,0
DA:2591,0
DA:2592,0
DA:2593,0
DA:2594,0
DA:2595,0
DA:2596,0
DA:2597,0
DA:2598,0
DA:2599,0
DA:2600,0
DA:2601,0
DA:2602,0
DA:2603,0
DA:2604,0
DA:2605,0
DA:2606,0
DA:2607,0
DA:2608,0
DA:2609,0
DA:2610,0
DA:2611,0
DA:2612,0
DA:2613,0
DA:2614,0
DA:2615,0
DA:2616,0
DA:2617,0
DA:2618,0
DA:2619,0
DA:2620,0
DA:2621,0
DA:2622,0
DA:2623,0
DA:2624,0
DA:2625,0
DA:2626,0
DA:2627,0
DA:2628,0
DA:2629,0
DA:2630,0
DA:2631,0
DA:2632,0
DA:2633,0
DA:2634,1
DA:2635,1
DA:2636,0
DA:2637,0
DA:2638,0
DA:2639,0
DA:2640,0
DA:2641,0
DA:2642,0
DA:2643,0
DA:2644,0
DA:2645,0
DA:2646,0
DA:2647,0
DA:2648,0
DA:2649,0
DA:2650,0
DA:2651,0
DA:2652,0
DA:2653,0
DA:2654,0
DA:2655,0
DA:2656,0
DA:2657,0
DA:2658,0
DA:2659,0
DA:2660,0
DA:2661,0
DA:2662,0
DA:2663,0
DA:2664,0
DA:2665,0
DA:2666,0
DA:2667,0
DA:2668,0
DA:2669,0
DA:2670,0
DA:2671,0
DA:2672,0
DA:2673,0
DA:2674,0
DA:2675,0
DA:2676,0
DA:2677,0
DA:2678,0
DA:2679,0
DA:2680,0
DA:2681,0
DA:2682,0
DA:2683,0
DA:2684,0
LF:2684
LH:509
BRDA:136,0,0,6
BRDA:142,1,0,4
BRDA:143,2,0,3
BRDA:144,3,0,3
BRDA:145,4,0,1
BRDA:148,5,0,6
BRDA:150,6,0,0
BRDA:157,7,0,0
BRDA:174,8,0,1
BRDA:175,9,0,0
BRDA:188,10,0,1
BRDA:190,11,0,0
BRDA:191,12,0,0
BRDA:193,13,0,0
BRDA:196,14,0,0
BRDA:201,15,0,1
BRDA:204,16,0,0
BRDA:209,17,0,1
BRDA:217,18,0,2
BRDA:219,19,0,0
BRDA:223,20,0,1
BRDA:286,21,0,0
BRDA:192,22,0,1
BRDA:224,23,0,2
BRDA:226,24,0,1
BRDA:226,25,0,1
BRDA:228,26,0,0
BRDA:229,27,0,0
BRDA:246,28,0,0
BRDA:262,29,0,0
BRDA:266,30,0,0
BRDA:294,31,0,1
BRDA:302,32,0,0
BRDA:306,33,0,0
BRDA:497,34,0,1
BRDA:503,35,0,0
BRDA:514,36,0,0
BRDA:603,37,0,0
BRDA:624,38,0,0
BRDA:625,39,0,0
BRDA:632,40,0,0
BRDA:516,41,0,0
BRDA:634,42,0,0
BRDA:1122,43,0,2
BRDA:1124,44,0,0
BRDA:1127,45,0,0
BRDA:1129,46,0,0
BRDA:1703,47,0,2
BRDA:1705,48,0,0
BRDA:1710,49,0,0
BRDA:1706,50,0,15
BRDA:1716,51,0,2
BRDA:1739,52,0,5
BRDA:1742,53,0,1
BRDA:1743,54,0,0
BRDA:1755,55,0,0
BRDA:1756,56,0,0
BRDA:1758,57,0,0
BRDA:1764,58,0,0
BRDA:1771,59,0,0
BRDA:1882,60,0,2
BRDA:1883,61,0,0
BRDA:1892,62,0,7
BRDA:1895,63,0,6
BRDA:1908,64,0,1
BRDA:1908,65,0,5
BRDA:1911,66,0,3
BRDA:1913,67,0,2
BRDA:1913,68,0,1
BRDA:1914,69,0,1
BRDA:1914,70,0,2
BRDA:1917,71,0,1
BRDA:1918,72,0,0
BRDA:1896,73,0,11
BRDA:1899,74,0,6
BRDA:1899,75,0,5
BRDA:1901,76,0,4
BRDA:1901,77,0,1
BRDA:1902,78,0,0
BRDA:1927,79,0,2
BRDA:1928,80,0,0
BRF:81
BRH:41
end_of_record
TN:
SF:src\azureClient.js
FNF:0
FNH:0
DA:1,2
DA:2,2
DA:3,2
DA:4,2
DA:5,2
DA:6,2
LF:6
LH:6
BRDA:1,0,0,2
BRF:1
BRH:1
end_of_record
TN:
SF:src\azureClient.ts
FN:7,escapeRegExp
FN:9,stripProjectSegment
FN:62,<instance_members_initializer>
FN:80,<static_initializer>
FN:90,_authorizedGet
FN:95,AzureDevOpsIntClient
FN:121,trimTrailingSlash
FN:123,normalizeBaseUrl
FN:144,ensureApiSuffix
FN:227,AzureDevOpsIntClient.axios.interceptors.response.use.cfg
FN:337,updateCredential
FN:341,buildFullUrl
FN:344,getBrowserUrl
FN:347,buildTeamApiUrl
FN:359,getAuthenticatedUserId
FN:394,_getAuthenticatedIdentity
FN:408,attemptConnectionData
FN:534,_shouldRetryConnectionDataVersion
FN:549,buildWIQL
FN:554,_selectFields
FN:560,_buildWIQL
FN:608,_activeStateFilter
FN:616,_mapRawWorkItems
FN:651,_fetchWorkItemsByIds
FN:676,_filterItemsForProject
FN:686,_sortByChangedDateDesc
FN:694,_getFollowedWorkItems
FN:719,_getMentionedWorkItems
FN:751,getWorkItems
FN:1070,_isMissingStateCategoryError
FN:1087,getWorkItemById
FN:1097,runWIQL
FN:1113,searchWorkItems
FN:1122,filterWorkItems
FN:1147,createWorkItem
FN:1203,updateWorkItem
FN:1210,addWorkItemComment
FN:1217,addTimeEntry
FN:1226,getWorkItemTypes
FN:1236,getWorkItemTypeStates
FN:1252,getIterations
FN:1263,getCurrentIteration
FN:1293,_escapeWIQL
FN:1298,getTeams
FN:1330,getRepositories
FN:1362,getDefaultRepository
FN:1367,getPullRequests
FN:1397,getMyPullRequestsAcrossRepos
FN:1464,createPullRequest
FN:1486,getRecentBuilds
FNF:50
FNH:39
FNDA:8,escapeRegExp
FNDA:8,stripProjectSegment
FNDA:34,<instance_members_initializer>
FNDA:2,<static_initializer>
FNDA:3,_authorizedGet
FNDA:34,AzureDevOpsIntClient
FNDA:14,trimTrailingSlash
FNDA:7,normalizeBaseUrl
FNDA:0,ensureApiSuffix
FNDA:27,AzureDevOpsIntClient.axios.interceptors.response.use.cfg
FNDA:0,updateCredential
FNDA:2,buildFullUrl
FNDA:3,getBrowserUrl
FNDA:2,buildTeamApiUrl
FNDA:0,getAuthenticatedUserId
FNDA:2,_getAuthenticatedIdentity
FNDA:4,attemptConnectionData
FNDA:3,_shouldRetryConnectionDataVersion
FNDA:10,buildWIQL
FNDA:11,_selectFields
FNDA:10,_buildWIQL
FNDA:11,_activeStateFilter
FNDA:4,_mapRawWorkItems
FNDA:1,_fetchWorkItemsByIds
FNDA:1,_filterItemsForProject
FNDA:1,_sortByChangedDateDesc
FNDA:1,_getFollowedWorkItems
FNDA:1,_getMentionedWorkItems
FNDA:8,getWorkItems
FNDA:1,_isMissingStateCategoryError
FNDA:0,getWorkItemById
FNDA:1,runWIQL
FNDA:0,searchWorkItems
FNDA:0,filterWorkItems
FNDA:1,createWorkItem
FNDA:2,updateWorkItem
FNDA:1,addWorkItemComment
FNDA:1,addTimeEntry
FNDA:2,getWorkItemTypes
FNDA:4,getWorkItemTypeStates
FNDA:0,getIterations
FNDA:2,getCurrentIteration
FNDA:3,_escapeWIQL
FNDA:0,getTeams
FNDA:1,getRepositories
FNDA:0,getDefaultRepository
FNDA:1,getPullRequests
FNDA:0,getMyPullRequestsAcrossRepos
FNDA:1,createPullRequest
FNDA:0,getRecentBuilds
DA:1,1
DA:2,1
DA:3,1
DA:4,1
DA:5,1
DA:6,1
DA:7,1
DA:8,1
DA:9,1
DA:10,8
DA:11,8
DA:12,8
DA:13,8
DA:14,8
DA:15,0
DA:16,0
DA:17,8
DA:18,8
DA:19,8
DA:20,8
DA:21,8
DA:22,8
DA:23,8
DA:24,8
DA:25,8
DA:26,8
DA:27,8
DA:28,8
DA:29,8
DA:30,8
DA:31,8
DA:32,8
DA:33,0
DA:34,0
DA:35,8
DA:36,8
DA:37,8
DA:38,0
DA:39,0
DA:40,8
DA:41,8
DA:42,8
DA:43,8
DA:44,8
DA:45,1
DA:46,1
DA:47,1
DA:48,1
DA:49,1
DA:50,1
DA:51,1
DA:52,1
DA:53,1
DA:54,1
DA:55,1
DA:56,1
DA:57,1
DA:58,1
DA:59,1
DA:60,1
DA:61,1
DA:62,1
DA:63,34
DA:64,34
DA:65,34
DA:66,34
DA:67,34
DA:68,34
DA:69,34
DA:70,34
DA:71,34
DA:72,34
DA:73,34
DA:74,34
DA:75,34
DA:76,34
DA:77,34
DA:78,34
DA:79,34
DA:80,1
DA:81,2
DA:82,2
DA:83,2
DA:84,2
DA:85,2
DA:86,2
DA:87,2
DA:88,2
DA:89,1
DA:90,1
DA:91,3
DA:92,3
DA:93,3
DA:94,1
DA:95,1
DA:96,34
DA:97,34
DA:98,34
DA:99,34
DA:100,34
DA:101,34
DA:102,34
DA:103,34
DA:104,34
DA:105,34
DA:106,34
DA:107,34
DA:108,34
DA:109,34
DA:110,0
DA:111,0
DA:112,0
DA:113,0
DA:114,0
DA:115,34
DA:116,34
DA:117,34
DA:118,34
DA:119,34
DA:120,34
DA:121,34
DA:122,34
DA:123,34
DA:124,7
DA:125,7
DA:126,0
DA:127,0
DA:128,7
DA:129,7
DA:130,7
DA:131,7
DA:132,7
DA:133,0
DA:134,0
DA:135,7
DA:136,7
DA:137,0
DA:138,0
DA:139,7
DA:140,7
DA:141,7
DA:142,7
DA:143,34
DA:144,34
DA:145,0
DA:146,0
DA:147,0
DA:148,34
DA:149,34
DA:150,0
DA:151,0
DA:152,0
DA:153,0
DA:154,0
DA:155,0
DA:156,0
DA:157,0
DA:158,0
DA:159,0
DA:160,0
DA:161,0
DA:162,0
DA:163,0
DA:164,0
DA:165,0
DA:166,0
DA:167,34
DA:168,7
DA:169,7
DA:170,34
DA:171,27
DA:172,27
DA:173,27
DA:174,27
DA:175,34
DA:176,34
DA:177,34
DA:178,34
DA:179,34
DA:180,34
DA:181,34
DA:182,34
DA:183,34
DA:184,34
DA:185,34
DA:186,34
DA:187,34
DA:188,34
DA:189,34
DA:190,34
DA:191,34
DA:192,34
DA:193,36
DA:194,36
DA:195,36
DA:196,36
DA:197,36
DA:198,36
DA:199,36
DA:200,0
DA:201,0
DA:202,0
DA:203,36
DA:204,36
DA:205,36
DA:206,36
DA:207,36
DA:208,36
DA:209,36
DA:210,36
DA:211,36
DA:212,0
DA:213,36
DA:214,36
DA:215,36
DA:216,36
DA:217,36
DA:218,36
DA:219,36
DA:220,36
DA:221,36
DA:222,36
DA:223,36
DA:224,34
DA:225,34
DA:226,34
DA:227,34
DA:228,27
DA:229,27
DA:230,27
DA:231,27
DA:232,27
DA:233,27
DA:234,27
DA:235,27
DA:236,27
DA:237,27
DA:238,34
DA:239,9
DA:240,9
DA:241,9
DA:242,4
DA:243,4
DA:244,4
DA:245,4
DA:246,2
DA:247,2
DA:248,2
DA:249,2
DA:250,2
DA:251,2
DA:252,2
DA:253,2
DA:254,2
DA:255,2
DA:256,2
DA:257,2
DA:258,4
DA:259,4
DA:260,4
DA:261,4
DA:262,4
DA:263,4
DA:264,4
DA:265,4
DA:266,4
DA:267,4
DA:268,4
DA:269,4
DA:270,4
DA:271,4
DA:272,4
DA:273,0
DA:274,0
DA:275,4
DA:276,4
DA:277,4
DA:278,4
DA:279,4
DA:280,4
DA:281,0
DA:282,0
DA:283,0
DA:284,0
DA:285,0
DA:286,0
DA:287,0
DA:288,0
DA:289,0
DA:290,0
DA:291,0
DA:292,0
DA:293,0
DA:294,9
DA:295,0
DA:296,0
DA:297,0
DA:298,0
DA:299,0
DA:300,0
DA:301,5
DA:302,5
DA:303,5
DA:304,9
DA:305,9
DA:306,9
DA:307,9
DA:308,9
DA:309,9
DA:310,4
DA:311,2
DA:312,9
DA:313,2
DA:314,2
DA:315,2
DA:316,2
DA:317,2
DA:318,2
DA:319,2
DA:320,2
DA:321,2
DA:322,2
DA:323,2
DA:324,2
DA:325,2
DA:326,2
DA:327,2
DA:328,7
DA:329,9
DA:330,34
DA:331,34
DA:332,1
DA:333,1
DA:334,1
DA:335,1
DA:336,1
DA:337,1
DA:338,0
DA:339,0
DA:340,1
DA:341,1
DA:342,2
DA:343,2
DA:344,1
DA:345,3
DA:346,3
DA:347,1
DA:348,2
DA:349,2
DA:350,2
DA:351,2
DA:352,2
DA:353,1
DA:354,1
DA:355,1
DA:356,1
DA:357,1
DA:358,1
DA:359,1
DA:360,0
DA:361,0
DA:362,0
DA:363,0
DA:364,0
DA:365,0
DA:366,0
DA:367,0
DA:368,0
DA:369,0
DA:370,0
DA:371,0
DA:372,0
DA:373,0
DA:374,0
DA:375,0
DA:376,0
DA:377,0
DA:378,0
DA:379,0
DA:380,0
DA:381,0
DA:382,0
DA:383,0
DA:384,0
DA:385,0
DA:386,0
DA:387,0
DA:388,0
DA:389,0
DA:390,0
DA:391,0
DA:392,0
DA:393,1
DA:394,1
DA:395,2
DA:396,2
DA:397,2
DA:398,2
DA:399,2
DA:400,2
DA:401,2
DA:402,2
DA:403,2
DA:404,2
DA:405,2
DA:406,2
DA:407,2
DA:408,2
DA:409,4
DA:410,4
DA:411,4
DA:412,4
DA:413,4
DA:414,4
DA:415,4
DA:416,4
DA:417,4
DA:418,4
DA:419,4
DA:420,4
DA:421,1
DA:422,3
DA:423,4
DA:424,3
DA:425,3
DA:426,3
DA:427,3
DA:428,3
DA:429,4
DA:430,0
DA:431,4
DA:432,2
DA:433,2
DA:434,2
DA:435,2
DA:436,1
DA:437,1
DA:438,1
DA:439,1
DA:440,1
DA:441,1
DA:442,1
DA:443,1
DA:444,1
DA:445,1
DA:446,1
DA:447,1
DA:448,1
DA:449,1
DA:450,1
DA:451,1
DA:452,1
DA:453,1
DA:454,1
DA:455,1
DA:456,1
DA:457,1
DA:458,2
DA:459,2
DA:460,2
DA:461,2
DA:462,2
DA:463,0
DA:464,1
DA:465,0
DA:466,1
DA:467,0
DA:468,1
DA:469,2
DA:470,2
DA:471,0
DA:472,1
DA:473,1
DA:474,0
DA:475,2
DA:476,2
DA:477,1
DA:478,0
DA:479,0
DA:480,0
DA:481,0
DA:482,0
DA:483,0
DA:484,0
DA:485,0
DA:486,0
DA:487,0
DA:488,0
DA:489,0
DA:490,0
DA:491,2
DA:492,2
DA:493,2
DA:494,2
DA:495,2
DA:496,2
DA:497,2
DA:498,2
DA:499,2
DA:500,2
DA:501,2
DA:502,2
DA:503,2
DA:504,0
DA:505,0
DA:506,1
DA:507,1
DA:508,1
DA:509,2
DA:510,0
DA:511,0
DA:512,0
DA:513,0
DA:514,0
DA:515,0
DA:516,1
DA:517,1
DA:518,1
DA:519,1
DA:520,1
DA:521,1
DA:522,0
DA:523,0
DA:524,0
DA:525,0
DA:526,0
DA:527,0
DA:528,0
DA:529,0
DA:530,0
DA:531,1
DA:532,1
DA:533,2
DA:534,1
DA:535,3
DA:536,3
DA:537,3
DA:538,3
DA:539,0
DA:540,0
DA:541,0
DA:542,0
DA:543,0
DA:544,0
DA:545,3
DA:546,3
DA:547,3
DA:548,1
DA:549,1
DA:550,10
DA:551,10
DA:552,10
DA:553,1
DA:554,1
DA:555,11
DA:556,11
DA:557,11
DA:558,11
DA:559,1
DA:560,1
DA:561,10
DA:562,10
DA:563,10
DA:564,10
DA:565,10
DA:566,10
DA:567,2
DA:568,2
DA:569,2
DA:570,2
DA:571,2
DA:572,10
DA:573,10
DA:574,10
DA:575,1
DA:576,1
DA:577,1
DA:578,1
DA:579,1
DA:580,10
DA:581,10
DA:582,2
DA:583,0
DA:584,0
DA:585,0
DA:586,2
DA:587,2
DA:588,2
DA:589,2
DA:590,10
DA:591,10
DA:592,1
DA:593,1
DA:594,1
DA:595,1
DA:596,10
DA:597,10
DA:598,1
DA:599,1
DA:600,1
DA:601,1
DA:602,10
DA:603,10
DA:604,3
DA:605,10
DA:606,10
DA:607,1
DA:608,1
DA:609,11
DA:610,11
DA:611,11
DA:612,0
DA:613,0
DA:614,11
DA:615,1
DA:616,1
DA:617,4
DA:618,4
DA:619,4
DA:620,4
DA:621,5
DA:622,5
DA:623,5
DA:624,5
DA:625,5
DA:626,5
DA:627,0
DA:628,0
DA:629,0
DA:630,0
DA:631,0
DA:632,0
DA:633,0
DA:634,0
DA:635,0
DA:636,0
DA:637,0
DA:638,0
DA:639,0
DA:640,0
DA:641,0
DA:642,0
DA:643,0
DA:644,0
DA:645,0
DA:646,5
DA:647,5
DA:648,4
DA:649,4
DA:650,1
DA:651,1
DA:652,1
DA:653,1
DA:654,1
DA:655,1
DA:656,1
DA:657,1
DA:658,1
DA:659,1
DA:660,1
DA:661,1
DA:662,1
DA:663,1
DA:664,1
DA:665,1
DA:666,1
DA:667,0
DA:668,0
DA:669,0
DA:670,0
DA:671,0
DA:672,1
DA:673,1
DA:674,1
DA:675,1
DA:676,1
DA:677,1
DA:678,1
DA:679,1
DA:680,2
DA:681,2
DA:682,2
DA:683,1
DA:684,1
DA:685,1
DA:686,1
DA:687,1
DA:688,0
DA:689,0
DA:690,0
DA:691,1
DA:692,1
DA:693,1
DA:694,1
DA:695,1
DA:696,1
DA:697,1
DA:698,1
DA:699,1
DA:700,2
DA:701,2
DA:702,0
DA:703,2
DA:704,1
DA:705,1
DA:706,1
DA:707,1
DA:708,1
DA:709,1
DA:710,1
DA:711,0
DA:712,0
DA:713,0
DA:714,0
DA:715,0
DA:716,0
DA:717,1
DA:718,1
DA:719,1
DA:720,1
DA:721,1
DA:722,1
DA:723,1
DA:724,1
DA:725,1
DA:726,1
DA:727,1
DA:728,1
DA:729,1
DA:730,1
DA:731,1
DA:732,1
DA:733,1
DA:734,1
DA:735,1
DA:736,1
DA:737,1
DA:738,1
DA:739,1
DA:740,1
DA:741,1
DA:742,1
DA:743,0
DA:744,0
DA:745,0
DA:746,0
DA:747,0
DA:748,0
DA:749,1
DA:750,1
DA:751,1
DA:752,8
DA:753,8
DA:754,8
DA:755,8
DA:756,8
DA:757,8
DA:758,8
DA:759,8
DA:760,8
DA:761,8
DA:762,8
DA:763,8
DA:764,8
DA:765,0
DA:766,0
DA:767,0
DA:768,8
DA:769,8
DA:770,1
DA:771,1
DA:772,1
DA:773,1
DA:774,8
DA:775,1
DA:776,1
DA:777,1
DA:778,1
DA:779,6
DA:780,6
DA:781,8
DA:782,2
DA:783,2
DA:784,2
DA:785,2
DA:786,1
DA:787,1
DA:788,1
DA:789,2
DA:790,0
DA:791,0
DA:792,0
DA:793,0
DA:794,0
DA:795,0
DA:796,2
DA:797,6
DA:798,6
DA:799,6
DA:800,6
DA:801,6
DA:802,6
DA:803,6
DA:804,6
DA:805,6
DA:806,6
DA:807,6
DA:808,6
DA:809,6
DA:810,6
DA:811,6
DA:812,6
DA:813,6
DA:814,6
DA:815,5
DA:816,8
DA:817,8
DA:818,5
DA:819,5
DA:820,6
DA:821,6
DA:822,8
DA:823,1
DA:824,1
DA:825,0
DA:826,0
DA:827,0
DA:828,0
DA:829,0
DA:830,0
DA:831,0
DA:832,0
DA:833,0
DA:834,0
DA:835,0
DA:836,0
DA:837,0
DA:838,1
DA:839,1
DA:840,1
DA:841,1
DA:842,1
DA:843,1
DA:844,8
DA:845,0
DA:846,0
DA:847,0
DA:848,0
DA:849,0
DA:850,6
DA:851,6
DA:852,6
DA:853,6
DA:854,6
DA:855,6
DA:856,6
DA:857,8
DA:858,1
DA:859,0
DA:860,0
DA:861,0
DA:862,0
DA:863,0
DA:864,0
DA:865,0
DA:866,0
DA:867,0
DA:868,0
DA:869,0
DA:870,0
DA:871,0
DA:872,0
DA:873,0
DA:874,0
DA:875,0
DA:876,0
DA:877,0
DA:878,0
DA:879,0
DA:880,0
DA:881,0
DA:882,0
DA:883,0
DA:884,0
DA:885,0
DA:886,0
DA:887,0
DA:888,0
DA:889,0
DA:890,0
DA:891,0
DA:892,0
DA:893,0
DA:894,0
DA:895,0
DA:896,1
DA:897,1
DA:898,1
DA:899,1
DA:900,5
DA:901,5
DA:902,5
DA:903,5
DA:904,5
DA:905,5
DA:906,5
DA:907,5
DA:908,8
DA:909,0
DA:910,0
DA:911,5
DA:912,8
DA:913,8
DA:914,8
DA:915,8
DA:916,8
DA:917,0
DA:918,0
DA:919,0
DA:920,0
DA:921,0
DA:922,5
DA:923,8
DA:924,2
DA:925,2
DA:926,2
DA:927,2
DA:928,2
DA:929,2
DA:930,2
DA:931,2
DA:932,2
DA:933,2
DA:934,2
DA:935,2
DA:936,2
DA:937,2
DA:938,2
DA:939,2
DA:940,2
DA:941,2
DA:942,0
DA:943,0
DA:944,2
DA:945,2
DA:946,2
DA:947,2
DA:948,2
DA:949,2
DA:950,2
DA:951,2
DA:952,2
DA:953,0
DA:954,0
DA:955,0
DA:956,0
DA:957,0
DA:958,0
DA:959,0
DA:960,0
DA:961,0
DA:962,0
DA:963,0
DA:964,0
DA:965,0
DA:966,0
DA:967,0
DA:968,0
DA:969,0
DA:970,0
DA:971,0
DA:972,0
DA:973,2
DA:974,2
DA:975,2
DA:976,2
DA:977,2
DA:978,2
DA:979,2
DA:980,2
DA:981,2
DA:982,2
DA:983,2
DA:984,3
DA:985,3
DA:986,3
DA:987,3
DA:988,3
DA:989,3
DA:990,3
DA:991,8
DA:992,8
DA:993,8
DA:994,8
DA:995,8
DA:996,8
DA:997,8
DA:998,8
DA:999,8
DA:1000,8
DA:1001,8
DA:1002,1
DA:1003,1
DA:1004,1
DA:1005,1
DA:1006,1
DA:1007,1
DA:1008,1
DA:1009,0
DA:1010,0
DA:1011,0
DA:1012,0
DA:1013,0
DA:1014,1
DA:1015,0
DA:1016,0
DA:1017,0
DA:1018,0
DA:1019,0
DA:1020,0
DA:1021,0
DA:1022,0
DA:1023,0
DA:1024,0
DA:1025,0
DA:1026,0
DA:1027,0
DA:1028,0
DA:1029,0
DA:1030,1
DA:1031,0
DA:1032,0
DA:1033,0
DA:1034,0
DA:1035,0
DA:1036,0
DA:1037,0
DA:1038,0
DA:1039,0
DA:1040,1
DA:1041,0
DA:1042,1
DA:1043,0
DA:1044,0
DA:1045,0
DA:1046,0
DA:1047,0
DA:1048,1
DA:1049,1
DA:1050,1
DA:1051,1
DA:1052,1
DA:1053,0
DA:1054,0
DA:1055,0
DA:1056,0
DA:1057,0
DA:1058,0
DA:1059,0
DA:1060,0
DA:1061,0
DA:1062,0
DA:1063,1
DA:1064,1
DA:1065,1
DA:1066,1
DA:1067,8
DA:1068,8
DA:1069,1
DA:1070,1
DA:1071,1
DA:1072,1
DA:1073,1
DA:1074,1
DA:1075,1
DA:1076,1
DA:1077,1
DA:1078,1
DA:1079,1
DA:1080,0
DA:1081,0
DA:1082,1
DA:1083,1
DA:1084,1
DA:1085,1
DA:1086,1
DA:1087,1
DA:1088,0
DA:1089,0
DA:1090,0
DA:1091,0
DA:1092,0
DA:1093,0
DA:1094,0
DA:1095,0
DA:1096,1
DA:1097,1
DA:1098,1
DA:1099,1
DA:1100,1
DA:1101,1
DA:1102,1
DA:1103,1
DA:1104,1
DA:1105,1
DA:1106,1
DA:1107,1
DA:1108,0
DA:1109,0
DA:1110,0
DA:1111,1
DA:1112,1
DA:1113,1
DA:1114,0
DA:1115,0
DA:1116,0
DA:1117,0
DA:1118,0
DA:1119,0
DA:1120,0
DA:1121,1
DA:1122,1
DA:1123,0
DA:1124,0
DA:1125,0
DA:1126,0
DA:1127,0
DA:1128,0
DA:1129,0
DA:1130,0
DA:1131,0
DA:1132,0
DA:1133,0
DA:1134,0
DA:1135,0
DA:1136,0
DA:1137,0
DA:1138,0
DA:1139,0
DA:1140,0
DA:1141,0
DA:1142,0
DA:1143,0
DA:1144,0
DA:1145,0
DA:1146,1
DA:1147,1
DA:1148,1
DA:1149,1
DA:1150,1
DA:1151,1
DA:1152,1
DA:1153,1
DA:1154,1
DA:1155,1
DA:1156,1
DA:1157,1
DA:1158,1
DA:1159,1
DA:1160,1
DA:1161,1
DA:1162,1
DA:1163,1
DA:1164,1
DA:1165,1
DA:1166,1
DA:1167,1
DA:1168,1
DA:1169,1
DA:1170,1
DA:1171,1
DA:1172,1
DA:1173,1
DA:1174,1
DA:1175,1
DA:1176,1
DA:1177,1
DA:1178,1
DA:1179,1
DA:1180,1
DA:1181,1
DA:1182,1
DA:1183,1
DA:1184,1
DA:1185,1
DA:1186,0
DA:1187,0
DA:1188,0
DA:1189,0
DA:1190,0
DA:1191,0
DA:1192,0
DA:1193,0
DA:1194,0
DA:1195,0
DA:1196,0
DA:1197,0
DA:1198,0
DA:1199,0
DA:1200,0
DA:1201,1
DA:1202,1
DA:1203,1
DA:1204,2
DA:1205,2
DA:1206,2
DA:1207,2
DA:1208,2
DA:1209,1
DA:1210,1
DA:1211,1
DA:1212,1
DA:1213,1
DA:1214,1
DA:1215,1
DA:1216,1
DA:1217,1
DA:1218,1
DA:1219,1
DA:1220,1
DA:1221,1
DA:1222,1
DA:1223,1
DA:1224,1
DA:1225,1
DA:1226,1
DA:1227,2
DA:1228,2
DA:1229,2
DA:1230,2
DA:1231,1
DA:1232,1
DA:1233,1
DA:1234,2
DA:1235,1
DA:1236,1
DA:1237,4
DA:1238,4
DA:1239,4
DA:1240,4
DA:1241,4
DA:1242,4
DA:1243,4
DA:1244,1
DA:1245,1
DA:1246,1
DA:1247,1
DA:1248,1
DA:1249,1
DA:1250,4
DA:1251,1
DA:1252,1
DA:1253,0
DA:1254,0
DA:1255,0
DA:1256,0
DA:1257,0
DA:1258,0
DA:1259,0
DA:1260,0
DA:1261,0
DA:1262,1
DA:1263,1
DA:1264,2
DA:1265,2
DA:1266,2
DA:1267,2
DA:1268,2
DA:1269,2
DA:1270,2
DA:1271,2
DA:1272,2
DA:1273,2
DA:1274,0
DA:1275,0
DA:1276,2
DA:1277,2
DA:1278,2
DA:1279,2
DA:1280,2
DA:1281,2
DA:1282,2
DA:1283,2
DA:1284,2
DA:1285,2
DA:1286,2
DA:1287,1
DA:1288,1
DA:1289,1
DA:1290,2
DA:1291,2
DA:1292,1
DA:1293,1
DA:1294,3
DA:1295,3
DA:1296,1
DA:1297,1
DA:1298,1
DA:1299,0
DA:1300,0
DA:1301,0
DA:1302,0
DA:1303,0
DA:1304,0
DA:1305,0
DA:1306,0
DA:1307,0
DA:1308,0
DA:1309,0
DA:1310,0
DA:1311,0
DA:1312,0
DA:1313,0
DA:1314,0
DA:1315,0
DA:1316,0
DA:1317,0
DA:1318,0
DA:1319,0
DA:1320,0
DA:1321,0
DA:1322,0
DA:1323,0
DA:1324,0
DA:1325,0
DA:1326,0
DA:1327,0
DA:1328,0
DA:1329,0
DA:1330,1
DA:1331,1
DA:1332,1
DA:1333,1
DA:1334,1
DA:1335,1
DA:1336,1
DA:1337,1
DA:1338,1
DA:1339,1
DA:1340,1
DA:1341,1
DA:1342,1
DA:1343,0
DA:1344,0
DA:1345,0
DA:1346,1
DA:1347,1
DA:1348,1
DA:1349,1
DA:1350,1
DA:1351,1
DA:1352,1
DA:1353,1
DA:1354,1
DA:1355,1
DA:1356,0
DA:1357,0
DA:1358,0
DA:1359,1
DA:1360,1
DA:1361,1
DA:1362,1
DA:1363,0
DA:1364,0
DA:1365,0
DA:1366,1
DA:1367,1
DA:1368,1
DA:1369,1
DA:1370,1
DA:1371,1
DA:1372,1
DA:1373,1
DA:1374,1
DA:1375,1
DA:1376,1
DA:1377,1
DA:1378,1
DA:1379,1
DA:1380,1
DA:1381,1
DA:1382,1
DA:1383,1
DA:1384,1
DA:1385,1
DA:1386,1
DA:1387,1
DA:1388,0
DA:1389,0
DA:1390,0
DA:1391,1
DA:1392,1
DA:1393,1
DA:1394,1
DA:1395,1
DA:1396,1
DA:1397,1
DA:1398,0
DA:1399,0
DA:1400,0
DA:1401,0
DA:1402,0
DA:1403,0
DA:1404,0
DA:1405,0
DA:1406,0
DA:1407,0
DA:1408,0
DA:1409,0
DA:1410,0
DA:1411,0
DA:1412,0
DA:1413,0
DA:1414,0
DA:1415,0
DA:1416,0
DA:1417,0
DA:1418,0
DA:1419,0
DA:1420,0
DA:1421,0
DA:1422,0
DA:1423,0
DA:1424,0
DA:1425,0
DA:1426,0
DA:1427,0
DA:1428,0
DA:1429,0
DA:1430,0
DA:1431,0
DA:1432,0
DA:1433,0
DA:1434,0
DA:1435,0
DA:1436,0
DA:1437,0
DA:1438,0
DA:1439,0
DA:1440,0
DA:1441,0
DA:1442,0
DA:1443,0
DA:1444,0
DA:1445,0
DA:1446,0
DA:1447,0
DA:1448,0
DA:1449,0
DA:1450,0
DA:1451,0
DA:1452,0
DA:1453,0
DA:1454,0
DA:1455,0
DA:1456,0
DA:1457,0
DA:1458,0
DA:1459,0
DA:1460,0
DA:1461,0
DA:1462,0
DA:1463,1
DA:1464,1
DA:1465,1
DA:1466,1
DA:1467,1
DA:1468,1
DA:1469,1
DA:1470,1
DA:1471,1
DA:1472,1
DA:1473,1
DA:1474,1
DA:1475,1
DA:1476,1
DA:1477,1
DA:1478,1
DA:1479,1
DA:1480,0
DA:1481,0
DA:1482,0
DA:1483,1
DA:1484,1
DA:1485,1
DA:1486,1
DA:1487,0
DA:1488,0
DA:1489,0
DA:1490,0
DA:1491,0
DA:1492,0
DA:1493,0
DA:1494,0
DA:1495,0
DA:1496,0
DA:1497,0
DA:1498,0
DA:1499,0
DA:1500,0
DA:1501,0
DA:1502,0
DA:1503,0
DA:1504,0
DA:1505,0
DA:1506,0
DA:1507,0
DA:1508,0
DA:1509,0
DA:1510,0
DA:1511,0
DA:1512,0
DA:1513,0
DA:1514,0
DA:1515,0
DA:1516,0
DA:1517,0
DA:1518,0
DA:1519,0
DA:1520,0
DA:1521,0
DA:1522,0
DA:1523,0
DA:1524,0
DA:1525,0
DA:1526,0
DA:1527,0
DA:1528,0
DA:1529,1
DA:1530,1
DA:1531,1
DA:1532,1
DA:1533,1
DA:1534,1
LF:1534
LH:990
BRDA:7,0,0,8
BRDA:9,1,0,8
BRDA:14,2,0,0
BRDA:32,3,0,0
BRDA:36,4,0,8
BRDA:37,5,0,0
BRDA:62,6,0,34
BRDA:80,7,0,2
BRDA:90,8,0,3
BRDA:95,9,0,34
BRDA:106,10,0,4
BRDA:106,11,0,4
BRDA:106,12,0,30
BRDA:108,13,0,0
BRDA:108,14,0,0
BRDA:109,15,0,0
BRDA:117,16,0,4
BRDA:117,17,0,30
BRDA:149,18,0,0
BRDA:167,19,0,7
BRDA:170,20,0,27
BRDA:121,21,0,14
BRDA:121,22,0,0
BRDA:123,23,0,7
BRDA:125,24,0,0
BRDA:129,25,0,0
BRDA:132,26,0,0
BRDA:136,27,0,0
BRDA:141,28,0,0
BRDA:192,29,0,36
BRDA:199,30,0,0
BRDA:206,31,0,34
BRDA:211,32,0,0
BRDA:227,33,0,27
BRDA:238,34,0,9
BRDA:239,35,0,0
BRDA:240,36,0,0
BRDA:241,37,0,4
BRDA:245,38,0,2
BRDA:271,39,0,3
BRDA:271,40,0,1
BRDA:272,41,0,0
BRDA:280,42,0,0
BRDA:280,43,0,0
BRDA:294,44,0,5
BRDA:294,45,0,0
BRDA:305,46,0,4
BRDA:306,47,0,0
BRDA:309,48,0,4
BRDA:310,49,0,3
BRDA:310,50,0,1
BRDA:310,51,0,2
BRDA:312,52,0,2
BRDA:327,53,0,7
BRDA:326,54,0,2
BRDA:326,55,0,2
BRDA:341,56,0,2
BRDA:344,57,0,3
BRDA:347,58,0,2
BRDA:348,59,0,0
BRDA:394,60,0,2
BRDA:399,61,0,0
BRDA:435,62,0,1
BRDA:444,63,0,0
BRDA:451,64,0,0
BRDA:454,65,0,0
BRDA:454,66,0,0
BRDA:458,67,0,0
BRDA:462,68,0,1
BRDA:462,69,0,0
BRDA:463,70,0,1
BRDA:464,71,0,0
BRDA:466,72,0,0
BRDA:470,73,0,0
BRDA:471,74,0,1
BRDA:473,75,0,0
BRDA:476,76,0,1
BRDA:477,77,0,0
BRDA:503,78,0,0
BRDA:505,79,0,1
BRDA:509,80,0,0
BRDA:509,81,0,0
BRDA:515,82,0,1
BRDA:521,83,0,0
BRDA:408,84,0,4
BRDA:416,85,0,0
BRDA:420,86,0,1
BRDA:421,87,0,0
BRDA:421,88,0,3
BRDA:423,89,0,3
BRDA:429,90,0,0
BRDA:534,91,0,3
BRDA:535,92,0,0
BRDA:538,93,0,0
BRDA:540,94,0,0
BRDA:541,95,0,0
BRDA:542,96,0,0
BRDA:543,97,0,0
BRDA:546,98,0,0
BRDA:549,99,0,10
BRDA:554,100,0,11
BRDA:560,101,0,10
BRDA:563,102,0,0
BRDA:566,103,0,2
BRDA:573,104,0,1
BRDA:574,105,0,1
BRDA:581,106,0,2
BRDA:582,107,0,0
BRDA:591,108,0,1
BRDA:597,109,0,1
BRDA:603,110,0,3
BRDA:608,111,0,11
BRDA:611,112,0,0
BRDA:616,113,0,4
BRDA:617,114,0,0
BRDA:619,115,0,5
BRDA:620,116,0,5
BRDA:623,117,0,0
BRDA:626,118,0,0
BRDA:626,119,0,0
BRDA:651,120,0,1
BRDA:652,121,0,0
BRDA:654,122,0,0
BRDA:659,123,0,0
BRDA:664,124,0,0
BRDA:666,125,0,0
BRDA:653,126,0,2
BRDA:676,127,0,1
BRDA:677,128,0,0
BRDA:679,129,0,2
BRDA:681,130,0,0
BRDA:686,131,0,1
BRDA:694,132,0,1
BRDA:697,133,0,0
BRDA:706,134,0,0
BRDA:710,135,0,0
BRDA:699,136,0,2
BRDA:700,137,0,0
BRDA:701,138,0,0
BRDA:703,139,0,0
BRDA:703,140,0,0
BRDA:705,141,0,2
BRDA:719,142,0,1
BRDA:721,143,0,0
BRDA:729,144,0,0
BRDA:742,145,0,0
BRDA:731,146,0,2
BRDA:751,147,0,8
BRDA:752,148,0,8
BRDA:764,149,0,0
BRDA:769,150,0,1
BRDA:773,151,0,7
BRDA:774,152,0,1
BRDA:778,153,0,6
BRDA:781,154,0,2
BRDA:784,155,0,1
BRDA:785,156,0,1
BRDA:785,157,0,1
BRDA:789,158,0,0
BRDA:796,159,0,6
BRDA:814,160,0,5
BRDA:815,161,0,3
BRDA:817,162,0,5
BRDA:819,163,0,6
BRDA:822,164,0,1
BRDA:824,165,0,0
BRDA:844,166,0,0
BRDA:849,167,0,6
BRDA:856,168,0,5
BRDA:857,169,0,1
BRDA:858,170,0,0
BRDA:899,171,0,5
BRDA:908,172,0,0
BRDA:910,173,0,5
BRDA:912,174,0,0
BRDA:916,175,0,4
BRDA:916,176,0,0
BRDA:921,177,0,5
BRDA:923,178,0,2
BRDA:941,179,0,0
BRDA:944,180,0,0
BRDA:952,181,0,0
BRDA:973,182,0,0
BRDA:983,183,0,3
BRDA:991,184,0,0
BRDA:1001,185,0,1
BRDA:1002,186,0,0
BRDA:1006,187,0,0
BRDA:1008,188,0,0
BRDA:1014,189,0,0
BRDA:1030,190,0,0
BRDA:1040,191,0,0
BRDA:1042,192,0,0
BRDA:1052,193,0,0
BRDA:985,194,0,3
BRDA:1070,195,0,1
BRDA:1071,196,0,0
BRDA:1073,197,0,0
BRDA:1073,198,0,0
BRDA:1073,199,0,0
BRDA:1076,200,0,0
BRDA:1076,201,0,0
BRDA:1079,202,0,0
BRDA:1080,203,0,0
BRDA:1083,204,0,0
BRDA:1097,205,0,1
BRDA:1100,206,0,0
BRDA:1105,207,0,0
BRDA:1107,208,0,0
BRDA:1101,209,0,1
BRDA:1106,210,0,1
BRDA:1147,211,0,1
BRDA:1162,212,0,0
BRDA:1165,213,0,0
BRDA:1185,214,0,0
BRDA:1203,215,0,2
BRDA:1210,216,0,1
BRDA:1217,217,0,1
BRDA:1218,218,0,0
BRDA:1226,219,0,2
BRDA:1228,220,0,1
BRDA:1229,221,0,0
BRDA:1230,222,0,1
BRDA:1236,223,0,4
BRDA:1240,224,0,3
BRDA:1241,225,0,0
BRDA:1243,226,0,1
BRDA:1242,227,0,10
BRDA:1242,228,0,3
BRDA:1263,229,0,2
BRDA:1264,230,0,2
BRDA:1269,231,0,0
BRDA:1273,232,0,0
BRDA:1280,233,0,1
BRDA:1281,234,0,0
BRDA:1286,235,0,1
BRDA:1293,236,0,3
BRDA:1330,237,0,1
BRDA:1331,238,0,1
BRDA:1332,239,0,0
BRDA:1332,240,0,0
BRDA:1342,241,0,0
BRDA:1350,242,0,0
BRDA:1355,243,0,0
BRDA:1367,244,0,1
BRDA:1372,245,0,0
BRDA:1387,246,0,0
BRDA:1373,247,0,1
BRDA:1377,248,0,0
BRDA:1382,249,0,0
BRDA:1464,250,0,1
BRDA:1473,251,0,0
BRDA:1479,252,0,0
BRF:253
BRH:127
end_of_record
TN:
SF:src\azureDevOpsUrlParser.ts
FN:14,trimSegment
FN:18,buildApiBaseUrl
FN:46,extractWorkItemId
FN:70,makeInvalid
FN:81,splitPathSegments
FN:103,resolveCloudRoot
FN:124,resolveCloudSubdomain
FN:142,resolveVisualStudio
FN:164,resolveOnPrem
FN:199,parseAzureDevOpsUrl
FN:288,isAzureDevOpsWorkItemUrl
FN:303,generatePatCreationUrl
FN:324,generateWorkItemUrl
FN:348,testAzureDevOpsConnection
FNF:14
FNH:14
FNDA:33,trimSegment
FNDA:15,buildApiBaseUrl
FNDA:16,extractWorkItemId
FNDA:16,makeInvalid
FNDA:23,splitPathSegments
FNDA:5,resolveCloudRoot
FNDA:2,resolveCloudSubdomain
FNDA:4,resolveVisualStudio
FNDA:5,resolveOnPrem
FNDA:31,parseAzureDevOpsUrl
FNDA:11,isAzureDevOpsWorkItemUrl
FNDA:3,generatePatCreationUrl
FNDA:3,generateWorkItemUrl
FNDA:2,testAzureDevOpsConnection
DA:1,1
DA:2,1
DA:3,1
DA:4,1
DA:5,1
DA:6,1
DA:7,1
DA:8,1
DA:9,1
DA:10,1
DA:11,1
DA:12,1
DA:13,1
DA:14,33
DA:15,33
DA:16,33
DA:17,1
DA:18,15
DA:19,15
DA:20,15
DA:21,15
DA:22,15
DA:23,15
DA:24,15
DA:25,15
DA:26,15
DA:27,15
DA:28,15
DA:29,11
DA:30,9
DA:31,5
DA:32,15
DA:33,10
DA:34,10
DA:35,5
DA:36,15
DA:37,0
DA:38,0
DA:39,5
DA:40,5
DA:41,4
DA:42,1
DA:43,15
DA:44,15
DA:45,1
DA:46,16
DA:47,16
DA:48,16
DA:49,15
DA:50,15
DA:51,15
DA:52,15
DA:53,15
DA:54,14
DA:55,14
DA:56,15
DA:57,15
DA:58,2
DA:59,2
DA:60,16
DA:61,0
DA:62,0
DA:63,0
DA:64,0
DA:65,0
DA:66,2
DA:67,2
DA:68,2
DA:69,1
DA:70,16
DA:71,16
DA:72,16
DA:73,16
DA:74,16
DA:75,16
DA:76,16
DA:77,16
DA:78,16
DA:79,16
DA:80,1
DA:81,23
DA:82,23
DA:83,23
DA:84,23
DA:85,23
DA:86,23
DA:87,23
DA:88,23
DA:89,23
DA:90,23
DA:91,23
DA:92,23
DA:93,7
DA:94,7
DA:95,16
DA:96,16
DA:97,16
DA:98,16
DA:99,16
DA:100,16
DA:101,16
DA:102,1
DA:103,5
DA:104,5
DA:105,5
DA:106,5
DA:107,5
DA:108,0
DA:109,0
DA:110,5
DA:111,5
DA:112,5
DA:113,5
DA:114,0
DA:115,0
DA:116,5
DA:117,5
DA:118,5
DA:119,5
DA:120,5
DA:121,5
DA:122,5
DA:123,1
DA:124,2
DA:125,2
DA:126,2
DA:127,2
DA:128,2
DA:129,2
DA:130,2
DA:131,2
DA:132,0
DA:133,0
DA:134,2
DA:135,2
DA:136,2
DA:137,2
DA:138,2
DA:139,2
DA:140,2
DA:141,1
DA:142,4
DA:143,4
DA:144,4
DA:145,4
DA:146,4
DA:147,4
DA:148,4
DA:149,4
DA:150,0
DA:151,0
DA:152,4
DA:153,4
DA:154,2
DA:155,2
DA:156,4
DA:157,4
DA:158,4
DA:159,4
DA:160,4
DA:161,4
DA:162,4
DA:163,1
DA:164,5
DA:165,5
DA:166,5
DA:167,5
DA:168,5
DA:169,5
DA:170,5
DA:171,5
DA:172,5
DA:173,5
DA:174,0
DA:175,0
DA:176,5
DA:177,5
DA:178,5
DA:179,5
DA:180,0
DA:181,0
DA:182,5
DA:183,5
DA:184,5
DA:185,1
DA:186,4
DA:187,5
DA:188,0
DA:189,0
DA:190,5
DA:191,5
DA:192,5
DA:193,5
DA:194,5
DA:195,5
DA:196,5
DA:197,5
DA:198,1
DA:199,1
DA:200,31
DA:201,6
DA:202,6
DA:203,25
DA:204,25
DA:205,25
DA:206,25
DA:207,31
DA:208,2
DA:209,2
DA:210,23
DA:211,23
DA:212,31
DA:213,7
DA:214,7
DA:215,16
DA:216,16
DA:217,16
DA:218,16
DA:219,31
DA:220,0
DA:221,0
DA:222,16
DA:223,16
DA:224,31
DA:225,31
DA:226,31
DA:227,31
DA:228,31
DA:229,31
DA:230,31
DA:231,31
DA:232,31
DA:233,31
DA:234,31
DA:235,5
DA:236,5
DA:237,0
DA:238,0
DA:239,5
DA:240,5
DA:241,5
DA:242,31
DA:243,2
DA:244,2
DA:245,0
DA:246,0
DA:247,2
DA:248,2
DA:249,2
DA:250,11
DA:251,4
DA:252,4
DA:253,0
DA:254,0
DA:255,4
DA:256,4
DA:257,4
DA:258,9
DA:259,5
DA:260,5
DA:261,0
DA:262,0
DA:263,5
DA:264,5
DA:265,5
DA:266,5
DA:267,5
DA:268,16
DA:269,16
DA:270,31
DA:271,31
DA:272,31
DA:273,1
DA:274,1
DA:275,15
DA:276,15
DA:277,15
DA:278,15
DA:279,15
DA:280,15
DA:281,15
DA:282,15
DA:283,15
DA:284,15
DA:285,15
DA:286,15
DA:287,1
DA:288,1
DA:289,11
DA:290,11
DA:291,7
DA:292,7
DA:293,4
DA:294,11
DA:295,1
DA:296,1
DA:297,1
DA:298,1
DA:299,1
DA:300,1
DA:301,1
DA:302,1
DA:303,1
DA:304,3
DA:305,1
DA:306,3
DA:307,1
DA:308,1
DA:309,1
DA:310,1
DA:311,1
DA:312,1
DA:313,3
DA:314,1
DA:315,1
DA:316,1
DA:317,1
DA:318,1
DA:319,1
DA:320,1
DA:321,1
DA:322,1
DA:323,1
DA:324,1
DA:325,3
DA:326,3
DA:327,3
DA:328,3
DA:329,3
DA:330,3
DA:331,1
DA:332,3
DA:333,1
DA:334,1
DA:335,1
DA:336,1
DA:337,1
DA:338,1
DA:339,3
DA:340,1
DA:341,1
DA:342,1
DA:343,1
DA:344,1
DA:345,1
DA:346,1
DA:347,1
DA:348,2
DA:349,2
DA:350,2
DA:351,2
DA:352,2
DA:353,1
DA:354,1
DA:355,1
DA:356,2
DA:357,1
DA:358,1
DA:359,0
DA:360,0
DA:361,0
DA:362,0
DA:363,0
DA:364,0
DA:365,0
DA:366,0
DA:367,0
DA:368,0
DA:369,0
DA:370,0
DA:371,0
DA:372,0
DA:373,0
DA:374,0
DA:375,0
DA:376,0
DA:377,0
DA:378,0
DA:379,0
DA:380,0
DA:381,0
DA:382,0
DA:383,0
DA:384,0
DA:385,2
DA:386,0
DA:387,0
DA:388,0
DA:389,0
DA:390,0
DA:391,2
LF:391
LH:329
BRDA:14,0,0,33
BRDA:15,1,0,0
BRDA:18,2,0,15
BRDA:28,3,0,11
BRDA:29,4,0,9
BRDA:30,5,0,5
BRDA:32,6,0,10
BRDA:34,7,0,5
BRDA:36,8,0,0
BRDA:38,9,0,5
BRDA:40,10,0,4
BRDA:41,11,0,1
BRDA:46,12,0,16
BRDA:48,13,0,15
BRDA:50,14,0,0
BRDA:53,15,0,14
BRDA:57,16,0,2
BRDA:60,17,0,0
BRDA:65,18,0,2
BRDA:47,19,0,43
BRDA:70,20,0,16
BRDA:81,21,0,23
BRDA:92,22,0,7
BRDA:94,23,0,16
BRDA:88,24,0,115
BRDA:89,25,0,115
BRDA:91,26,0,58
BRDA:103,27,0,5
BRDA:107,28,0,0
BRDA:113,29,0,0
BRDA:124,30,0,2
BRDA:131,31,0,0
BRDA:142,32,0,4
BRDA:149,33,0,0
BRDA:153,34,0,2
BRDA:154,35,0,2
BRDA:164,36,0,5
BRDA:173,37,0,0
BRDA:179,38,0,0
BRDA:184,39,0,1
BRDA:185,40,0,4
BRDA:187,41,0,0
BRDA:199,42,0,31
BRDA:200,43,0,25
BRDA:200,44,0,25
BRDA:200,45,0,6
BRDA:202,46,0,25
BRDA:207,47,0,2
BRDA:209,48,0,23
BRDA:212,49,0,7
BRDA:214,50,0,16
BRDA:219,51,0,1
BRDA:219,52,0,0
BRDA:221,53,0,16
BRDA:224,54,0,11
BRDA:227,55,0,12
BRDA:234,56,0,5
BRDA:236,57,0,0
BRDA:242,58,0,11
BRDA:242,59,0,2
BRDA:244,60,0,0
BRDA:250,61,0,9
BRDA:250,62,0,4
BRDA:252,63,0,0
BRDA:258,64,0,5
BRDA:260,65,0,0
BRDA:267,66,0,16
BRDA:270,67,0,15
BRDA:271,68,0,15
BRDA:271,69,0,0
BRDA:272,70,0,15
BRDA:272,71,0,1
BRDA:274,72,0,15
BRDA:288,73,0,11
BRDA:290,74,0,7
BRDA:292,75,0,4
BRDA:303,76,0,3
BRDA:304,77,0,1
BRDA:306,78,0,2
BRDA:306,79,0,1
BRDA:324,80,0,3
BRDA:330,81,0,1
BRDA:332,82,0,2
BRDA:332,83,0,1
BRDA:348,84,0,2
BRDA:352,85,0,1
BRDA:356,86,0,0
BRDA:356,87,0,1
BRDA:358,88,0,0
BRDA:385,89,0,0
BRF:90
BRH:70
end_of_record
TN:
SF:src\cache.ts
FN:31,<instance_members_initializer>
FN:36,IntelligentCache
FN:57,get
FN:87,set
FN:110,has
FN:125,delete
FN:140,clear
FN:149,getMetrics
FN:156,size
FN:163,cleanup
FN:179,keys
FN:186,getStats
FN:210,isExpired
FN:214,updateAccessOrder
FN:225,evict
FN:272,updateHitRate
FN:282,<static_initializer>
FN:286,WorkItemCache
FN:298,setWorkItems
FN:305,setQueryResult
FN:312,setMetadata
FN:319,generateWorkItemsKey
FN:327,generateQueryKey
FN:334,generateMetadataKey
FN:351,startCacheCleanup
FN:361,stopCacheCleanup
FN:371,getCacheStats
FNF:27
FNH:13
FNDA:6,<instance_members_initializer>
FNDA:6,IntelligentCache
FNDA:11,get
FNDA:7,set
FNDA:0,has
FNDA:0,delete
FNDA:10,clear
FNDA:0,getMetrics
FNDA:0,size
FNDA:0,cleanup
FNDA:0,keys
FNDA:0,getStats
FNDA:0,isExpired
FNDA:7,updateAccessOrder
FNDA:0,evict
FNDA:11,updateHitRate
FNDA:2,<static_initializer>
FNDA:2,WorkItemCache
FNDA:5,setWorkItems
FNDA:0,setQueryResult
FNDA:2,setMetadata
FNDA:8,generateWorkItemsKey
FNDA:0,generateQueryKey
FNDA:3,generateMetadataKey
FNDA:0,startCacheCleanup
FNDA:0,stopCacheCleanup
FNDA:0,getCacheStats
DA:1,1
DA:2,1
DA:3,1
DA:4,1
DA:5,1
DA:6,1
DA:7,1
DA:8,1
DA:9,1
DA:10,1
DA:11,1
DA:12,1
DA:13,1
DA:14,1
DA:15,1
DA:16,1
DA:17,1
DA:18,1
DA:19,1
DA:20,1
DA:21,1
DA:22,1
DA:23,1
DA:24,1
DA:25,1
DA:26,1
DA:27,1
DA:28,1
DA:29,1
DA:30,1
DA:31,1
DA:32,6
DA:33,6
DA:34,6
DA:35,1
DA:36,1
DA:37,6
DA:38,6
DA:39,6
DA:40,6
DA:41,6
DA:42,6
DA:43,6
DA:44,6
DA:45,6
DA:46,6
DA:47,6
DA:48,6
DA:49,6
DA:50,6
DA:51,6
DA:52,6
DA:53,1
DA:54,1
DA:55,1
DA:56,1
DA:57,1
DA:58,11
DA:59,11
DA:60,11
DA:61,11
DA:62,11
DA:63,11
DA:64,11
DA:65,0
DA:66,0
DA:67,0
DA:68,0
DA:69,0
DA:70,0
DA:71,0
DA:72,0
DA:73,0
DA:74,0
DA:75,0
DA:76,0
DA:77,0
DA:78,0
DA:79,0
DA:80,0
DA:81,0
DA:82,11
DA:83,1
DA:84,1
DA:85,1
DA:86,1
DA:87,1
DA:88,7
DA:89,7
DA:90,7
DA:91,7
DA:92,7
DA:93,7
DA:94,7
DA:95,7
DA:96,7
DA:97,7
DA:98,7
DA:99,0
DA:100,0
DA:101,7
DA:102,7
DA:103,7
DA:104,7
DA:105,7
DA:106,1
DA:107,1
DA:108,1
DA:109,1
DA:110,1
DA:111,0
DA:112,0
DA:113,0
DA:114,0
DA:115,0
DA:116,0
DA:117,0
DA:118,0
DA:119,0
DA:120,0
DA:121,1
DA:122,1
DA:123,1
DA:124,1
DA:125,1
DA:126,0
DA:127,0
DA:128,0
DA:129,0
DA:130,0
DA:131,0
DA:132,0
DA:133,0
DA:134,0
DA:135,0
DA:136,1
DA:137,1
DA:138,1
DA:139,1
DA:140,1
DA:141,10
DA:142,10
DA:143,10
DA:144,10
DA:145,1
DA:146,1
DA:147,1
DA:148,1
DA:149,1
DA:150,0
DA:151,0
DA:152,1
DA:153,1
DA:154,1
DA:155,1
DA:156,1
DA:157,0
DA:158,0
DA:159,1
DA:160,1
DA:161,1
DA:162,1
DA:163,1
DA:164,0
DA:165,0
DA:166,0
DA:167,0
DA:168,0
DA:169,0
DA:170,0
DA:171,0
DA:172,0
DA:173,0
DA:174,0
DA:175,1
DA:176,1
DA:177,1
DA:178,1
DA:179,1
DA:180,0
DA:181,0
DA:182,1
DA:183,1
DA:184,1
DA:185,1
DA:186,1
DA:187,0
DA:188,0
DA:189,0
DA:190,0
DA:191,0
DA:192,0
DA:193,0
DA:194,0
DA:195,0
DA:196,0
DA:197,0
DA:198,0
DA:199,0
DA:200,0
DA:201,0
DA:202,0
DA:203,0
DA:204,0
DA:205,0
DA:206,0
DA:207,0
DA:208,0
DA:209,1
DA:210,1
DA:211,0
DA:212,0
DA:213,1
DA:214,1
DA:215,7
DA:216,7
DA:217,7
DA:218,0
DA:219,0
DA:220,7
DA:221,7
DA:222,7
DA:223,7
DA:224,1
DA:225,1
DA:226,0
DA:227,0
DA:228,0
DA:229,0
DA:230,0
DA:231,0
DA:232,0
DA:233,0
DA:234,0
DA:235,0
DA:236,0
DA:237,0
DA:238,0
DA:239,0
DA:240,0
DA:241,0
DA:242,0
DA:243,0
DA:244,0
DA:245,0
DA:246,0
DA:247,0
DA:248,0
DA:249,0
DA:250,0
DA:251,0
DA:252,0
DA:253,0
DA:254,0
DA:255,0
DA:256,0
DA:257,0
DA:258,0
DA:259,0
DA:260,0
DA:261,0
DA:262,0
DA:263,0
DA:264,0
DA:265,0
DA:266,0
DA:267,0
DA:268,0
DA:269,0
DA:270,0
DA:271,1
DA:272,1
DA:273,11
DA:274,11
DA:275,11
DA:276,1
DA:277,1
DA:278,1
DA:279,1
DA:280,1
DA:281,1
DA:282,1
DA:283,2
DA:284,2
DA:285,1
DA:286,1
DA:287,2
DA:288,2
DA:289,2
DA:290,2
DA:291,2
DA:292,2
DA:293,2
DA:294,1
DA:295,1
DA:296,1
DA:297,1
DA:298,1
DA:299,5
DA:300,5
DA:301,1
DA:302,1
DA:303,1
DA:304,1
DA:305,1
DA:306,0
DA:307,0
DA:308,1
DA:309,1
DA:310,1
DA:311,1
DA:312,1
DA:313,2
DA:314,2
DA:315,1
DA:316,1
DA:317,1
DA:318,1
DA:319,1
DA:320,8
DA:321,8
DA:322,8
DA:323,1
DA:324,1
DA:325,1
DA:326,1
DA:327,1
DA:328,0
DA:329,0
DA:330,1
DA:331,1
DA:332,1
DA:333,1
DA:334,1
DA:335,3
DA:336,3
DA:337,1
DA:338,1
DA:339,1
DA:340,1
DA:341,1
DA:342,1
DA:343,1
DA:344,1
DA:345,1
DA:346,1
DA:347,1
DA:348,1
DA:349,1
DA:350,1
DA:351,1
DA:352,0
DA:353,0
DA:354,0
DA:355,0
DA:356,0
DA:357,0
DA:358,0
DA:359,0
DA:360,1
DA:361,1
DA:362,0
DA:363,0
DA:364,0
DA:365,0
DA:366,0
DA:367,1
DA:368,1
DA:369,1
DA:370,1
DA:371,1
DA:372,0
DA:373,0
DA:374,0
DA:375,0
DA:376,0
DA:377,0
DA:378,0
DA:379,0
DA:380,0
DA:381,0
DA:382,0
DA:383,0
DA:384,0
DA:385,0
DA:386,0
DA:387,0
LF:387
LH:227
BRDA:31,0,0,6
BRDA:36,1,0,6
BRDA:38,2,0,0
BRDA:39,3,0,0
BRDA:40,4,0,4
BRDA:41,5,0,4
BRDA:57,6,0,11
BRDA:64,7,0,0
BRDA:87,8,0,7
BRDA:92,9,0,0
BRDA:98,10,0,0
BRDA:98,11,0,0
BRDA:140,12,0,10
BRDA:214,13,0,7
BRDA:217,14,0,0
BRDA:272,15,0,11
BRDA:274,16,0,0
BRDA:282,17,0,2
BRDA:286,18,0,2
BRDA:298,19,0,5
BRDA:312,20,0,2
BRDA:319,21,0,8
BRDA:334,22,0,3
BRF:23
BRH:15
end_of_record
TN:
SF:src\gitUtils.ts
FN:1,makeBranchSlug
FNF:1
FNH:1
FNDA:1,makeBranchSlug
DA:1,1
DA:2,1
DA:3,1
DA:4,1
DA:5,1
DA:6,1
DA:7,1
DA:8,1
DA:9,1
LF:9
LH:9
BRDA:1,0,0,1
BRDA:2,1,0,0
BRDA:7,2,0,0
BRF:3
BRH:1
end_of_record
TN:
SF:src\logging.ts
FN:16,setOutputChannel
FN:20,getOutputChannel
FN:24,clearOutputChannel
FN:28,logLine
FN:44,formatLogMeta
FN:54,createScopedLogger
FN:56,shouldLogDebug
FN:58,write
FN:66,debug
FN:70,info
FN:74,warn
FN:77,error
FN:83,getLogBufferSnapshot
FN:87,getLogBufferLength
FN:91,clearLogBuffer
FN:99,bridgeConsoleToOutputChannel
FNF:16
FNH:1
FNDA:0,setOutputChannel
FNDA:0,getOutputChannel
FNDA:0,clearOutputChannel
FNDA:0,logLine
FNDA:0,formatLogMeta
FNDA:4,createScopedLogger
FNDA:0,shouldLogDebug
FNDA:0,write
FNDA:0,debug
FNDA:0,info
FNDA:0,warn
FNDA:0,error
FNDA:0,getLogBufferSnapshot
FNDA:0,getLogBufferLength
FNDA:0,clearLogBuffer
FNDA:0,bridgeConsoleToOutputChannel
DA:1,1
DA:2,1
DA:3,1
DA:4,1
DA:5,1
DA:6,1
DA:7,1
DA:8,1
DA:9,1
DA:10,1
DA:11,1
DA:12,1
DA:13,1
DA:14,1
DA:15,1
DA:16,1
DA:17,0
DA:18,0
DA:19,1
DA:20,1
DA:21,0
DA:22,0
DA:23,1
DA:24,1
DA:25,0
DA:26,0
DA:27,1
DA:28,1
DA:29,0
DA:30,0
DA:31,0
DA:32,0
DA:33,0
DA:34,0
DA:35,0
DA:36,0
DA:37,0
DA:38,0
DA:39,0
DA:40,0
DA:41,0
DA:42,0
DA:43,1
DA:44,0
DA:45,0
DA:46,0
DA:47,0
DA:48,0
DA:49,0
DA:50,0
DA:51,0
DA:52,0
DA:53,1
DA:54,1
DA:55,4
DA:56,4
DA:57,4
DA:58,4
DA:59,0
DA:60,0
DA:61,0
DA:62,0
DA:63,0
DA:64,4
DA:65,4
DA:66,4
DA:67,0
DA:68,0
DA:69,0
DA:70,4
DA:71,0
DA:72,0
DA:73,0
DA:74,4
DA:75,0
DA:76,0
DA:77,4
DA:78,0
DA:79,0
DA:80,4
DA:81,4
DA:82,1
DA:83,1
DA:84,0
DA:85,0
DA:86,1
DA:87,1
DA:88,0
DA:89,0
DA:90,1
DA:91,1
DA:92,0
DA:93,0
DA:94,1
DA:95,1
DA:96,1
DA:97,1
DA:98,1
DA:99,1
DA:100,0
DA:101,0
DA:102,0
DA:103,0
DA:104,0
DA:105,0
DA:106,0
DA:107,0
DA:108,0
DA:109,0
DA:110,0
DA:111,0
DA:112,0
DA:113,0
DA:114,0
DA:115,0
DA:116,0
DA:117,0
DA:118,0
DA:119,0
DA:120,0
DA:121,0
DA:122,0
DA:123,0
DA:124,0
DA:125,0
DA:126,0
DA:127,0
DA:128,0
DA:129,0
DA:130,0
DA:131,0
DA:132,0
DA:133,0
DA:134,0
DA:135,0
DA:136,0
DA:137,0
DA:138,0
DA:139,0
DA:140,0
DA:141,0
DA:142,0
DA:143,0
DA:144,0
DA:145,0
DA:146,0
DA:147,0
DA:148,0
DA:149,0
DA:150,0
DA:151,0
DA:152,0
DA:153,0
DA:154,0
DA:155,0
DA:156,0
DA:157,0
DA:158,0
DA:159,0
DA:160,0
DA:161,0
LF:161
LH:49
BRDA:54,0,0,4
BRF:1
BRH:1
end_of_record
TN:
SF:src\performance.ts
FN:41,<instance_members_initializer>
FN:49,startTiming
FN:74,recordMetric
FN:93,getStats
FN:138,getOperationStats
FN:167,getRecentMetrics
FN:174,clear
FN:182,setEnabled
FN:189,getMemoryUsage
FN:196,getPerformanceReport
FN:247,measurePerformance
FN:269,measureAsync
FN:289,measureSync
FN:305,debounce
FN:323,throttle
FN:343,<static_initializer>
FN:350,forceGCIfNeeded
FN:368,getMemorySummary
FN:402,batchWorkItems
FN:423,batchApiCalls
FN:443,processInChunks
FNF:21
FNH:6
FNDA:2,<instance_members_initializer>
FNDA:11,startTiming
FNDA:11,recordMetric
FNDA:0,getStats
FNDA:0,getOperationStats
FNDA:0,getRecentMetrics
FNDA:0,clear
FNDA:0,setEnabled
FNDA:22,getMemoryUsage
FNDA:0,getPerformanceReport
FNDA:0,measurePerformance
FNDA:11,measureAsync
FNDA:0,measureSync
FNDA:0,debounce
FNDA:0,throttle
FNDA:2,<static_initializer>
FNDA:0,forceGCIfNeeded
FNDA:0,getMemorySummary
FNDA:0,batchWorkItems
FNDA:0,batchApiCalls
FNDA:0,processInChunks
DA:1,1
DA:2,1
DA:3,1
DA:4,1
DA:5,1
DA:6,1
DA:7,1
DA:8,1
DA:9,1
DA:10,1
DA:11,1
DA:12,1
DA:13,1
DA:14,1
DA:15,1
DA:16,1
DA:17,1
DA:18,1
DA:19,1
DA:20,1
DA:21,1
DA:22,1
DA:23,1
DA:24,1
DA:25,1
DA:26,1
DA:27,1
DA:28,1
DA:29,1
DA:30,1
DA:31,1
DA:32,1
DA:33,1
DA:34,1
DA:35,1
DA:36,1
DA:37,1
DA:38,1
DA:39,1
DA:40,1
DA:41,1
DA:42,2
DA:43,2
DA:44,2
DA:45,1
DA:46,1
DA:47,1
DA:48,1
DA:49,1
DA:50,11
DA:51,11
DA:52,11
DA:53,11
DA:54,11
DA:55,11
DA:56,11
DA:57,11
DA:58,11
DA:59,11
DA:60,11
DA:61,11
DA:62,11
DA:63,11
DA:64,11
DA:65,11
DA:66,11
DA:67,11
DA:68,11
DA:69,11
DA:70,1
DA:71,1
DA:72,1
DA:73,1
DA:74,1
DA:75,11
DA:76,11
DA:77,11
DA:78,11
DA:79,11
DA:80,11
DA:81,0
DA:82,0
DA:83,11
DA:84,11
DA:85,11
DA:86,2
DA:87,2
DA:88,11
DA:89,1
DA:90,1
DA:91,1
DA:92,1
DA:93,1
DA:94,0
DA:95,0
DA:96,0
DA:97,0
DA:98,0
DA:99,0
DA:100,0
DA:101,0
DA:102,0
DA:103,0
DA:104,0
DA:105,0
DA:106,0
DA:107,0
DA:108,0
DA:109,0
DA:110,0
DA:111,0
DA:112,0
DA:113,0
DA:114,0
DA:115,0
DA:116,0
DA:117,0
DA:118,0
DA:119,0
DA:120,0
DA:121,0
DA:122,0
DA:123,0
DA:124,0
DA:125,0
DA:126,0
DA:127,0
DA:128,0
DA:129,0
DA:130,0
[...]
DA:876,0
DA:877,0
DA:878,0
DA:879,0
DA:880,0
DA:881,0
DA:882,0
DA:883,0
DA:884,0
DA:885,0
DA:886,0
DA:887,0
DA:888,0
DA:889,0
DA:890,0
DA:891,0
DA:892,0
DA:893,0
DA:894,0
DA:895,0
DA:896,0
DA:897,0
DA:898,0
DA:899,0
DA:900,0
DA:901,0
DA:902,0
DA:903,0
DA:904,0
DA:905,0
DA:906,0
DA:907,0
DA:908,0
DA:909,0
DA:910,0
DA:911,0
DA:912,0
DA:913,0
DA:914,0
DA:915,0
DA:916,0
DA:917,0
DA:918,0
DA:919,0
DA:920,0
DA:921,0
DA:922,0
DA:923,0
DA:924,0
DA:925,0
DA:926,0
DA:927,0
DA:928,0
DA:929,0
DA:930,0
DA:931,1
DA:932,1
DA:933,1
DA:934,0
DA:935,0
DA:936,0
DA:937,0
DA:938,0
DA:939,0
DA:940,0
DA:941,0
DA:942,0
DA:943,0
DA:944,0
DA:945,0
DA:946,0
DA:947,0
DA:948,0
DA:949,0
DA:950,0
DA:951,0
DA:952,0
DA:953,0
DA:954,0
DA:955,0
DA:956,0
DA:957,0
DA:958,0
DA:959,0
DA:960,0
DA:961,0
DA:962,0
DA:963,0
DA:964,0
DA:965,0
DA:966,0
DA:967,0
DA:968,0
DA:969,0
DA:970,0
DA:971,0
DA:972,0
DA:973,0
DA:974,0
DA:975,0
DA:976,0
DA:977,0
DA:978,0
DA:979,0
DA:980,0
DA:981,0
DA:982,0
DA:983,0
DA:984,0
DA:985,0
DA:986,0
DA:987,0
DA:988,0
DA:989,0
DA:990,0
DA:991,0
DA:992,0
DA:993,0
DA:994,0
DA:995,0
DA:996,0
DA:997,0
DA:998,0
DA:999,0
DA:1000,0
DA:1001,0
DA:1002,0
DA:1003,0
DA:1004,0
DA:1005,0
DA:1006,0
DA:1007,0
DA:1008,0
DA:1009,0
DA:1010,0
DA:1011,0
DA:1012,0
DA:1013,0
DA:1014,0
DA:1015,0
DA:1016,0
DA:1017,0
DA:1018,0
DA:1019,0
DA:1020,0
DA:1021,0
DA:1022,0
DA:1023,0
DA:1024,0
DA:1025,0
DA:1026,0
DA:1027,0
DA:1028,0
DA:1029,0
DA:1030,0
DA:1031,0
DA:1032,0
DA:1033,0
DA:1034,0
DA:1035,0
DA:1036,0
DA:1037,0
DA:1038,0
DA:1039,0
DA:1040,0
DA:1041,0
DA:1042,0
DA:1043,0
DA:1044,0
DA:1045,0
DA:1046,0
DA:1047,0
DA:1048,0
DA:1049,0
DA:1050,0
DA:1051,0
DA:1052,0
DA:1053,0
DA:1054,0
DA:1055,0
DA:1056,0
DA:1057,0
DA:1058,0
DA:1059,0
DA:1060,0
DA:1061,0
DA:1062,0
DA:1063,0
DA:1064,0
DA:1065,0
DA:1066,0
DA:1067,0
DA:1068,0
DA:1069,0
DA:1070,0
DA:1071,0
DA:1072,0
DA:1073,0
DA:1074,0
DA:1075,0
DA:1076,0
DA:1077,0
DA:1078,0
DA:1079,0
DA:1080,0
DA:1081,0
DA:1082,0
DA:1083,0
DA:1084,0
DA:1085,0
DA:1086,0
DA:1087,0
DA:1088,0
DA:1089,0
DA:1090,0
DA:1091,0
DA:1092,0
DA:1093,0
DA:1094,0
DA:1095,0
DA:1096,0
DA:1097,0
DA:1098,0
DA:1099,0
DA:1100,0
DA:1101,0
DA:1102,0
DA:1103,0
DA:1104,0
DA:1105,0
DA:1106,0
DA:1107,0
DA:1108,0
DA:1109,0
DA:1110,0
DA:1111,0
DA:1112,0
DA:1113,0
DA:1114,0
DA:1115,0
DA:1116,0
DA:1117,0
DA:1118,0
DA:1119,0
DA:1120,0
DA:1121,0
DA:1122,0
DA:1123,0
DA:1124,0
DA:1125,0
DA:1126,0
DA:1127,0
DA:1128,0
DA:1129,0
DA:1130,0
DA:1131,0
DA:1132,0
DA:1133,0
DA:1134,0
DA:1135,0
DA:1136,0
DA:1137,0
DA:1138,0
DA:1139,0
DA:1140,0
DA:1141,0
DA:1142,0
DA:1143,0
DA:1144,0
DA:1145,0
DA:1146,0
DA:1147,0
DA:1148,0
DA:1149,0
DA:1150,0
DA:1151,0
DA:1152,0
DA:1153,0
DA:1154,0
DA:1155,0
DA:1156,0
DA:1157,0
DA:1158,0
DA:1159,0
DA:1160,0
DA:1161,0
DA:1162,0
DA:1163,0
DA:1164,0
DA:1165,0
DA:1166,0
DA:1167,0
DA:1168,0
DA:1169,0
DA:1170,0
DA:1171,0
DA:1172,0
DA:1173,0
DA:1174,0
DA:1175,0
DA:1176,0
DA:1177,0
DA:1178,0
DA:1179,0
DA:1180,0
DA:1181,0
DA:1182,0
DA:1183,0
DA:1184,0
DA:1185,0
DA:1186,0
DA:1187,0
DA:1188,0
DA:1189,0
DA:1190,0
DA:1191,0
DA:1192,0
DA:1193,0
DA:1194,0
DA:1195,0
DA:1196,0
DA:1197,0
DA:1198,0
DA:1199,0
DA:1200,0
DA:1201,0
DA:1202,0
DA:1203,0
DA:1204,0
DA:1205,0
DA:1206,0
DA:1207,0
DA:1208,0
DA:1209,0
DA:1210,0
DA:1211,0
DA:1212,0
DA:1213,0
DA:1214,0
DA:1215,0
DA:1216,0
DA:1217,0
DA:1218,0
DA:1219,0
DA:1220,0
DA:1221,0
DA:1222,0
DA:1223,0
DA:1224,0
DA:1225,0
DA:1226,0
DA:1227,0
DA:1228,0
DA:1229,0
DA:1230,0
DA:1231,0
DA:1232,0
DA:1233,0
DA:1234,0
DA:1235,0
DA:1236,0
DA:1237,0
DA:1238,0
DA:1239,0
DA:1240,0
DA:1241,0
DA:1242,0
DA:1243,0
DA:1244,0
DA:1245,0
DA:1246,0
DA:1247,0
DA:1248,0
DA:1249,0
DA:1250,0
DA:1251,0
DA:1252,0
DA:1253,0
DA:1254,0
DA:1255,0
DA:1256,0
DA:1257,0
DA:1258,0
DA:1259,0
DA:1260,0
DA:1261,0
DA:1262,0
DA:1263,0
DA:1264,0
DA:1265,0
DA:1266,0
DA:1267,0
DA:1268,0
DA:1269,0
DA:1270,0
DA:1271,0
DA:1272,0
DA:1273,0
DA:1274,0
DA:1275,0
DA:1276,0
DA:1277,0
DA:1278,0
DA:1279,0
DA:1280,0
DA:1281,0
DA:1282,0
DA:1283,0
DA:1284,0
DA:1285,0
DA:1286,0
DA:1287,0
DA:1288,0
DA:1289,0
DA:1290,0
DA:1291,0
DA:1292,0
DA:1293,0
DA:1294,0
DA:1295,0
DA:1296,0
DA:1297,0
DA:1298,0
DA:1299,0
DA:1300,0
DA:1301,0
DA:1302,0
DA:1303,0
DA:1304,0
DA:1305,0
DA:1306,0
DA:1307,0
DA:1308,0
DA:1309,0
DA:1310,0
DA:1311,0
DA:1312,0
DA:1313,0
DA:1314,0
DA:1315,0
DA:1316,0
DA:1317,0
DA:1318,0
DA:1319,0
DA:1320,0
DA:1321,0
DA:1322,0
DA:1323,0
DA:1324,0
DA:1325,0
DA:1326,0
DA:1327,0
DA:1328,0
DA:1329,0
DA:1330,0
DA:1331,0
DA:1332,0
DA:1333,0
DA:1334,0
DA:1335,0
DA:1336,0
DA:1337,1
DA:1338,1
DA:1339,1
DA:1340,0
DA:1341,0
DA:1342,0
DA:1343,0
DA:1344,0
DA:1345,0
DA:1346,0
DA:1347,0
DA:1348,0
DA:1349,0
DA:1350,0
DA:1351,0
DA:1352,0
DA:1353,0
DA:1354,0
DA:1355,0
DA:1356,0
DA:1357,0
DA:1358,0
DA:1359,0
DA:1360,0
DA:1361,0
DA:1362,0
DA:1363,0
DA:1364,0
DA:1365,0
DA:1366,0
DA:1367,0
DA:1368,0
DA:1369,0
DA:1370,0
DA:1371,0
DA:1372,0
DA:1373,0
DA:1374,0
DA:1375,1
DA:1376,1
DA:1377,1
DA:1378,0
DA:1379,0
DA:1380,0
DA:1381,0
DA:1382,0
DA:1383,0
DA:1384,0
DA:1385,0
DA:1386,0
DA:1387,0
DA:1388,0
DA:1389,0
DA:1390,0
DA:1391,0
DA:1392,0
DA:1393,0
DA:1394,0
DA:1395,0
DA:1396,0
DA:1397,0
DA:1398,0
DA:1399,0
DA:1400,0
DA:1401,0
DA:1402,0
DA:1403,0
DA:1404,0
DA:1405,0
DA:1406,0
DA:1407,0
DA:1408,0
DA:1409,0
DA:1410,0
DA:1411,1
DA:1412,1
DA:1413,1
DA:1414,0
DA:1415,0
DA:1416,0
DA:1417,0
DA:1418,0
DA:1419,0
DA:1420,0
DA:1421,0
DA:1422,0
DA:1423,0
DA:1424,0
DA:1425,0
DA:1426,0
DA:1427,0
DA:1428,0
DA:1429,0
DA:1430,0
DA:1431,0
DA:1432,0
DA:1433,0
DA:1434,0
DA:1435,0
DA:1436,0
DA:1437,0
DA:1438,0
DA:1439,0
DA:1440,0
DA:1441,1
DA:1442,1
DA:1443,1
DA:1444,1
DA:1445,1
DA:1446,1
DA:1447,1
DA:1448,1
DA:1449,1
DA:1450,1
LF:1450
LH:460
BRDA:350,0,0,1
BRDA:351,1,0,1
BRDA:352,2,0,1
BRDA:352,3,0,0
BRDA:355,4,0,1
BRDA:385,5,0,1
BRDA:389,6,0,1
BRDA:390,7,0,1
BRDA:480,8,0,1
BRDA:484,9,0,1
BRDA:485,10,0,0
BRDA:486,11,0,1
BRDA:488,12,0,0
BRDA:504,13,0,1
BRDA:508,14,0,1
BRDA:620,15,0,1
BRDA:621,16,0,1
BRF:17
BRH:14
end_of_record
TN:
SF:src\fsm\machines\dataMachine.ts
FN:25,context
FN:38,input
FN:45,workItems
FN:51,error
FNF:4
FNH:0
FNDA:0,context
FNDA:0,input
FNDA:0,workItems
FNDA:0,error
DA:1,1
DA:2,1
DA:3,1
DA:4,1
DA:5,1
DA:6,1
DA:7,1
DA:8,1
DA:9,1
DA:10,1
DA:11,1
DA:12,1
DA:13,1
DA:14,1
DA:15,1
DA:16,1
DA:17,1
DA:18,1
DA:19,1
DA:20,1
DA:21,1
DA:22,1
DA:23,1
DA:24,1
DA:25,1
DA:26,0
DA:27,0
DA:28,0
DA:29,1
DA:30,1
DA:31,1
DA:32,1
DA:33,1
DA:34,1
DA:35,1
DA:36,1
DA:37,1
DA:38,1
DA:39,0
DA:40,0
DA:41,0
DA:42,1
DA:43,1
DA:44,1
DA:45,1
DA:46,1
DA:47,1
DA:48,1
DA:49,1
DA:50,1
DA:51,1
DA:52,1
DA:53,1
DA:54,1
DA:55,1
DA:56,1
DA:57,1
DA:58,1
DA:59,1
DA:60,1
DA:61,1
DA:62,1
DA:63,1
DA:64,1
DA:65,1
DA:66,1
DA:67,1
DA:68,1
DA:69,1
DA:70,1
DA:71,1
DA:72,0
DA:73,0
DA:74,0
DA:75,0
DA:76,0
DA:77,0
DA:78,0
DA:79,0
DA:80,0
DA:81,0
DA:82,0
DA:83,0
DA:84,0
DA:85,0
DA:86,0
DA:87,0
DA:88,0
DA:89,1
DA:90,1
DA:91,1
DA:92,1
LF:92
LH:69
BRF:0
BRH:0
end_of_record
TN:
SF:src\fsm\machines\setupMachine.ts
FN:47,context
FN:51,saveConnections
FN:52,ensureActiveConnection
FN:69,input
FN:76,selectedAction
FN:102,testingExistingConnection
FN:137,input
FN:144,lastExistingTestResult
FN:150,lastExistingTestResult
FN:163,testingExistingConnection
FN:171,logError
FN:176,navigateToAdd
FN:184,navigateToManage
FN:192,navigateToSwitch
FN:199,signInWithEntra
FN:205,signOutEntra
FN:211,convertToEntra
FN:229,isAdd
FN:230,isManage
FN:231,isSwitch
FN:232,isEntraSignIn
FN:233,isEntraSignOut
FN:234,isConvertToEntra
FN:235,skipInitialChoice
FNF:24
FNH:6
FNDA:3,context
FNDA:0,saveConnections
FNDA:0,ensureActiveConnection
FNDA:0,input
FNDA:0,selectedAction
FNDA:3,testingExistingConnection
FNDA:4,input
FNDA:4,lastExistingTestResult
FNDA:0,lastExistingTestResult
FNDA:3,testingExistingConnection
FNDA:0,logError
FNDA:0,navigateToAdd
FNDA:0,navigateToManage
FNDA:0,navigateToSwitch
FNDA:0,signInWithEntra
FNDA:0,signOutEntra
FNDA:0,convertToEntra
FNDA:0,isAdd
FNDA:0,isManage
FNDA:0,isSwitch
FNDA:0,isEntraSignIn
FNDA:0,isEntraSignOut
FNDA:0,isConvertToEntra
FNDA:3,skipInitialChoice
DA:1,1
DA:2,1
DA:3,1
DA:4,1
DA:5,1
DA:6,1
DA:7,1
DA:8,1
DA:9,1
DA:10,1
DA:11,1
DA:12,1
DA:13,1
DA:14,1
DA:15,1
DA:16,1
DA:17,1
DA:18,1
DA:19,2
DA:20,1
DA:21,1
DA:22,1
DA:23,1
DA:24,1
DA:25,1
DA:26,1
DA:27,1
DA:28,1
DA:29,1
DA:30,1
DA:31,1
DA:32,1
DA:33,1
DA:34,1
DA:35,1
DA:36,1
DA:37,1
DA:38,1
DA:39,1
DA:40,1
DA:41,1
DA:42,1
DA:43,1
DA:44,1
DA:45,1
DA:46,1
DA:47,1
DA:48,3
DA:49,3
DA:50,3
DA:51,3
DA:52,3
DA:53,3
DA:54,1
DA:55,1
DA:56,1
DA:57,1
DA:58,1
DA:59,1
DA:60,1
DA:61,1
DA:62,1
DA:63,1
DA:64,1
DA:65,1
DA:66,1
DA:67,1
DA:68,1
DA:69,1
DA:70,0
DA:71,0
DA:72,0
DA:73,1
DA:74,1
DA:75,1
DA:76,1
DA:77,1
DA:78,1
DA:79,1
DA:80,1
DA:81,1
DA:82,1
DA:83,1
DA:84,1
DA:85,1
DA:86,1
DA:87,1
DA:88,1
DA:89,1
DA:90,1
DA:91,1
DA:92,1
DA:93,1
DA:94,1
DA:95,1
DA:96,1
DA:97,1
DA:98,1
DA:99,1
DA:100,1
DA:101,1
DA:102,1
DA:103,1
DA:104,1
DA:105,1
DA:106,1
DA:107,1
DA:108,1
DA:109,1
DA:110,1
DA:111,1
DA:112,4
DA:113,4
DA:114,4
DA:115,4
DA:116,4
DA:117,4
DA:118,0
DA:119,0
DA:120,4
DA:121,4
DA:122,4
DA:123,1
DA:124,1
DA:125,4
DA:126,4
DA:127,4
DA:128,4
DA:129,2
DA:130,2
DA:131,1
DA:132,4
DA:133,0
DA:134,0
DA:135,4
DA:136,1
DA:137,1
DA:138,4
DA:139,4
DA:140,4
DA:141,1
DA:142,1
DA:143,1
DA:144,1
DA:145,1
DA:146,1
DA:147,1
DA:148,1
DA:149,1
DA:150,1
DA:151,0
DA:152,0
DA:153,0
DA:154,1
DA:155,1
DA:156,1
DA:157,1
DA:158,1
DA:159,1
DA:160,1
DA:161,1
DA:162,1
DA:163,1
DA:164,1
DA:165,1
DA:166,1
DA:167,1
DA:168,1
DA:169,1
DA:170,1
DA:171,1
DA:172,0
DA:173,0
DA:174,0
DA:175,0
DA:176,1
DA:177,0
DA:178,0
DA:179,0
DA:180,0
DA:181,0
DA:182,0
DA:183,0
DA:184,1
DA:185,0
DA:186,0
DA:187,0
DA:188,0
DA:189,0
DA:190,0
DA:191,0
DA:192,1
DA:193,0
DA:194,0
DA:195,0
DA:196,0
DA:197,0
DA:198,0
DA:199,1
DA:200,0
DA:201,0
DA:202,0
DA:203,0
DA:204,0
DA:205,1
DA:206,0
DA:207,0
DA:208,0
DA:209,0
DA:210,0
DA:211,1
DA:212,0
DA:213,0
DA:214,0
DA:215,0
DA:216,0
DA:217,0
DA:218,0
DA:219,1
DA:220,1
DA:221,1
DA:222,0
DA:223,0
DA:224,0
DA:225,0
DA:226,1
DA:227,1
DA:228,1
DA:229,1
DA:230,1
DA:231,1
DA:232,1
DA:233,1
DA:234,1
DA:235,1
DA:236,1
DA:237,1
DA:238,1
LF:238
LH:183
BRDA:19,0,0,2
BRDA:47,1,0,3
BRDA:102,2,0,3
BRDA:111,3,0,4
BRDA:116,4,0,4
BRDA:117,5,0,0
BRDA:122,6,0,1
BRDA:124,7,0,3
BRDA:125,8,0,0
BRDA:125,9,0,0
BRDA:127,10,0,3
BRDA:128,11,0,2
BRDA:130,12,0,1
BRDA:132,13,0,0
BRDA:137,14,0,4
BRDA:144,15,0,4
BRDA:163,16,0,3
BRDA:235,17,0,3
BRF:18
BRH:14
end_of_record
TN:
SF:src\fsm\machines\timerMachine.ts
FN:50,guard
FN:116,createMachine.states.running.on.INACTIVITY_TIMEOUT.actions
FN:159,guard
FNF:3
FNH:1
FNDA:0,guard
FNDA:0,createMachine.states.running.on.INACTIVITY_TIMEOUT.actions
FNDA:1,guard
DA:1,1
DA:2,1
DA:3,1
DA:4,1
DA:5,1
DA:6,1
DA:7,1
DA:8,1
DA:9,1
DA:10,1
DA:11,1
DA:12,1
DA:13,1
DA:14,1
DA:15,1
DA:16,1
DA:17,1
DA:18,1
DA:19,1
DA:20,1
DA:21,1
DA:22,1
DA:23,1
DA:24,1
DA:25,1
DA:26,1
DA:27,1
DA:28,1
DA:29,1
DA:30,1
DA:31,1
DA:32,1
DA:33,1
DA:34,1
DA:35,1
DA:36,1
DA:37,1
DA:38,1
DA:39,11
DA:40,11
DA:41,11
DA:42,11
DA:43,11
DA:44,1
DA:45,1
DA:46,1
DA:47,1
DA:48,1
DA:49,1
DA:50,1
DA:51,1
DA:52,1
DA:53,0
DA:54,0
DA:55,0
DA:56,0
DA:57,0
DA:58,1
DA:59,1
DA:60,1
DA:61,1
DA:62,1
DA:63,1
DA:64,1
DA:65,0
DA:66,0
DA:67,0
DA:68,0
DA:69,0
DA:70,1
DA:71,1
DA:72,1
DA:73,1
DA:74,1
DA:75,1
DA:76,1
DA:77,1
DA:78,1
DA:79,1
DA:80,1
DA:81,1
DA:82,1
DA:83,1
DA:84,1
DA:85,6
DA:86,6
DA:87,1
DA:88,1
DA:89,1
DA:90,1
DA:91,1
DA:92,1
DA:93,1
DA:94,1
DA:95,2
DA:96,2
DA:97,2
DA:98,2
DA:99,2
DA:100,2
DA:101,1
DA:102,1
DA:103,1
DA:104,1
DA:105,1
DA:106,1
DA:107,1
DA:108,1
DA:109,1
DA:110,1
DA:111,1
DA:112,1
DA:113,0
DA:114,0
DA:115,1
DA:116,1
DA:117,1
DA:118,1
DA:119,1
DA:120,1
DA:121,1
DA:122,1
DA:123,1
DA:124,1
DA:125,1
DA:126,1
DA:127,1
DA:128,1
DA:129,2
DA:130,2
DA:131,2
DA:132,2
DA:133,2
DA:134,2
DA:135,2
DA:136,2
DA:137,2
DA:138,1
DA:139,1
DA:140,1
DA:141,1
DA:142,1
DA:143,1
DA:144,1
DA:145,1
DA:146,1
DA:147,1
DA:148,1
DA:149,1
DA:150,1
DA:151,1
DA:152,1
DA:153,1
DA:154,1
DA:155,1
DA:156,1
DA:157,1
DA:158,1
DA:159,1
DA:160,1
DA:161,1
DA:162,1
DA:163,1
DA:164,1
DA:165,1
DA:166,1
DA:167,1
DA:168,1
DA:169,1
DA:170,1
DA:171,1
DA:172,1
DA:173,1
DA:174,1
DA:175,1
DA:176,1
DA:177,1
DA:178,1
DA:179,1
DA:180,1
DA:181,1
LF:181
LH:169
BRDA:38,0,0,11
BRDA:78,1,0,14
BRDA:84,2,0,6
BRDA:94,3,0,2
BRDA:106,4,0,1
BRDA:128,5,0,2
BRDA:131,6,0,0
BRDA:134,7,0,0
BRDA:145,8,0,1
BRDA:159,9,0,1
BRDA:161,10,0,1
BRDA:164,11,0,0
BRDA:167,12,0,0
BRF:13
BRH:9
end_of_record
TN:
SF:src\fsm\services\extensionHostBridge.ts
FN:29,loadedConnectionsReader
FN:30,activeConnectionIdReader
FN:36,setExtensionContextRef
FN:42,getExtensionContextRef
FN:46,setRegisterAllCommands
FN:50,invokeRegisterAllCommands
FN:57,setForwardProviderMessage
FN:61,forwardProviderMessage
FN:68,setGetSecretPAT
FN:72,getSecretPAT
FN:82,setLoadedConnectionsReader
FN:86,getLoadedConnections
FN:90,setActiveConnectionIdReader
FN:94,getActiveConnectionId
FN:98,setWebviewMessageHandler
FN:102,invokeWebviewMessageHandler
FN:114,setActiveConnectionHandler
FN:118,invokeActiveConnectionHandler
FN:134,setApplicationStoreBridge
FN:142,clearApplicationStoreBridge
FN:147,getApplicationStoreActor
FN:151,sendApplicationStoreEvent
FNF:22
FNH:1
FNDA:0,loadedConnectionsReader
FNDA:0,activeConnectionIdReader
FNDA:0,setExtensionContextRef
FNDA:0,getExtensionContextRef
FNDA:0,setRegisterAllCommands
FNDA:0,invokeRegisterAllCommands
FNDA:0,setForwardProviderMessage
FNDA:0,forwardProviderMessage
FNDA:0,setGetSecretPAT
FNDA:0,getSecretPAT
FNDA:0,setLoadedConnectionsReader
FNDA:0,getLoadedConnections
FNDA:0,setActiveConnectionIdReader
FNDA:0,getActiveConnectionId
FNDA:0,setWebviewMessageHandler
FNDA:0,invokeWebviewMessageHandler
FNDA:0,setActiveConnectionHandler
FNDA:0,invokeActiveConnectionHandler
FNDA:0,setApplicationStoreBridge
FNDA:0,clearApplicationStoreBridge
FNDA:0,getApplicationStoreActor
FNDA:1,sendApplicationStoreEvent
DA:1,1
DA:2,1
DA:3,1
DA:4,1
DA:5,1
DA:6,1
DA:7,1
DA:8,1
DA:9,1
DA:10,1
DA:11,1
DA:12,1
DA:13,1
DA:14,1
DA:15,1
DA:16,1
DA:17,1
DA:18,1
DA:19,1
DA:20,1
DA:21,1
DA:22,1
DA:23,1
DA:24,1
DA:25,1
DA:26,1
DA:27,1
DA:28,1
DA:29,1
DA:30,1
DA:31,1
DA:32,1
DA:33,1
DA:34,1
DA:35,1
DA:36,1
DA:37,0
DA:38,0
DA:39,0
DA:40,0
DA:41,1
DA:42,1
DA:43,0
DA:44,0
DA:45,1
DA:46,1
DA:47,0
DA:48,0
DA:49,1
DA:50,0
DA:51,0
DA:52,0
DA:53,0
DA:54,0
DA:55,0
DA:56,1
DA:57,1
DA:58,0
DA:59,0
DA:60,1
DA:61,1
DA:62,0
DA:63,0
DA:64,0
DA:65,0
DA:66,0
DA:67,1
DA:68,1
DA:69,0
DA:70,0
DA:71,1
DA:72,0
DA:73,0
DA:74,0
DA:75,0
DA:76,0
DA:77,0
DA:78,0
DA:79,0
DA:80,0
DA:81,1
DA:82,1
DA:83,0
DA:84,0
DA:85,1
DA:86,1
DA:87,0
DA:88,0
DA:89,1
DA:90,1
DA:91,0
DA:92,0
DA:93,1
DA:94,1
DA:95,0
DA:96,0
DA:97,1
DA:98,1
DA:99,0
DA:100,0
DA:101,1
DA:102,0
DA:103,0
DA:104,0
DA:105,0
DA:106,0
DA:107,0
DA:108,0
DA:109,0
DA:110,0
DA:111,0
DA:112,0
DA:113,1
DA:114,1
DA:115,0
DA:116,0
DA:117,1
DA:118,0
DA:119,0
DA:120,0
DA:121,0
DA:122,0
DA:123,0
DA:124,0
DA:125,0
DA:126,0
DA:127,0
DA:128,0
DA:129,0
DA:130,0
DA:131,0
DA:132,0
DA:133,1
DA:134,1
DA:135,0
DA:136,0
DA:137,0
DA:138,0
DA:139,0
DA:140,0
DA:141,1
DA:142,1
DA:143,0
DA:144,0
DA:145,0
DA:146,1
DA:147,1
DA:148,0
DA:149,0
DA:150,1
DA:151,1
DA:152,1
DA:153,1
DA:154,1
DA:155,0
DA:156,0
LF:156
LH:73
BRDA:151,0,0,1
BRDA:154,1,0,0
BRF:2
BRH:1
end_of_record
TN:
SF:src\fsm\services\fsmSetupService.ts
FN:31,<instance_members_initializer>
FN:33,FSMSetupService
FN:37,startSetup
FN:76,handleStateChange
FN:156,showUrlInput
FN:184,showUrlError
FN:198,showAuthMethodSelection
FN:228,showCredentialsInput
FN:236,showPATInput
FN:255,showEntraConfig
FN:295,showConnectionError
FN:316,showSaveError
FN:330,showExistingConnections
FN:412,showExistingTestResult
FN:448,showRemoveError
FNF:15
FNH:0
FNDA:0,<instance_members_initializer>
FNDA:0,FSMSetupService
FNDA:0,startSetup
FNDA:0,handleStateChange
FNDA:0,showUrlInput
FNDA:0,showUrlError
FNDA:0,showAuthMethodSelection
FNDA:0,showCredentialsInput
FNDA:0,showPATInput
FNDA:0,showEntraConfig
FNDA:0,showConnectionError
FNDA:0,showSaveError
FNDA:0,showExistingConnections
FNDA:0,showExistingTestResult
FNDA:0,showRemoveError
DA:1,1
DA:2,1
DA:3,1
DA:4,1
DA:5,1
DA:6,1
DA:7,1
DA:8,1
DA:9,1
DA:10,1
DA:11,1
DA:12,1
DA:13,1
DA:14,1
DA:15,1
DA:16,1
DA:17,1
DA:18,1
DA:19,1
DA:20,1
DA:21,1
DA:22,1
DA:23,1
DA:24,1
DA:25,1
DA:26,1
DA:27,1
DA:28,1
DA:29,1
DA:30,1
DA:31,1
DA:32,1
DA:33,1
DA:34,0
DA:35,0
DA:36,1
DA:37,1
DA:38,0
DA:39,0
DA:40,0
DA:41,0
DA:42,0
DA:43,0
DA:44,0
DA:45,0
DA:46,0
DA:47,0
DA:48,0
DA:49,0
DA:50,0
DA:51,0
DA:52,0
DA:53,0
DA:54,0
DA:55,0
DA:56,0
DA:57,0
DA:58,0
DA:59,0
DA:60,0
DA:61,0
DA:62,0
DA:63,0
DA:64,0
DA:65,0
DA:66,0
DA:67,0
DA:68,0
DA:69,0
DA:70,0
DA:71,0
DA:72,0
DA:73,0
DA:74,0
DA:75,1
DA:76,1
DA:77,0
DA:78,0
DA:79,0
DA:80,0
DA:81,0
DA:82,0
DA:83,0
DA:84,0
DA:85,0
DA:86,0
DA:87,0
DA:88,0
DA:89,0
DA:90,0
DA:91,0
DA:92,0
DA:93,0
DA:94,0
DA:95,0
DA:96,0
DA:97,0
DA:98,0
DA:99,0
DA:100,0
DA:101,0
DA:102,0
DA:103,0
DA:104,0
DA:105,0
DA:106,0
DA:107,0
DA:108,0
DA:109,0
DA:110,0
DA:111,0
DA:112,0
DA:113,0
DA:114,0
DA:115,0
DA:116,0
DA:117,0
DA:118,0
DA:119,0
DA:120,0
DA:121,0
DA:122,0
DA:123,0
DA:124,0
DA:125,0
DA:126,0
DA:127,0
DA:128,0
DA:129,0
DA:130,0
DA:131,0
DA:132,0
DA:133,0
DA:134,0
DA:135,0
DA:136,0
DA:137,0
DA:138,0
DA:139,0
DA:140,0
DA:141,0
DA:142,0
DA:143,0
DA:144,0
DA:145,0
DA:146,0
DA:147,0
DA:148,0
DA:149,0
DA:150,0
DA:151,0
DA:152,0
DA:153,0
DA:154,0
DA:155,1
DA:156,1
DA:157,0
DA:158,0
DA:159,0
DA:160,0
DA:161,0
DA:162,0
DA:163,0
DA:164,0
DA:165,0
DA:166,0
DA:167,0
DA:168,0
DA:169,0
DA:170,0
DA:171,0
DA:172,0
DA:173,0
DA:174,0
DA:175,0
DA:176,0
DA:177,0
DA:178,0
DA:179,0
DA:180,0
DA:181,0
DA:182,0
DA:183,1
DA:184,1
DA:185,0
DA:186,0
DA:187,0
DA:188,0
DA:189,0
DA:190,0
DA:191,0
DA:192,0
DA:193,0
DA:194,0
DA:195,0
DA:196,0
DA:197,1
DA:198,1
DA:199,0
DA:200,0
DA:201,0
DA:202,0
DA:203,0
DA:204,0
DA:205,0
DA:206,0
DA:207,0
DA:208,0
DA:209,0
DA:210,0
DA:211,0
DA:212,0
DA:213,0
DA:214,0
DA:215,0
DA:216,0
DA:217,0
DA:218,0
DA:219,0
DA:220,0
DA:221,0
DA:222,0
DA:223,0
DA:224,0
DA:225,0
DA:226,0
DA:227,1
DA:228,1
DA:229,0
DA:230,0
DA:231,0
DA:232,0
DA:233,0
DA:234,0
DA:235,1
DA:236,1
DA:237,0
DA:238,0
DA:239,0
DA:240,0
DA:241,0
DA:242,0
DA:243,0
DA:244,0
DA:245,0
DA:246,0
DA:247,0
DA:248,0
DA:249,0
DA:250,0
DA:251,0
DA:252,0
DA:253,0
DA:254,1
DA:255,1
DA:256,0
DA:257,0
DA:258,0
DA:259,0
DA:260,0
DA:261,0
DA:262,0
DA:263,0
DA:264,0
DA:265,0
DA:266,0
DA:267,0
DA:268,0
DA:269,0
DA:270,0
DA:271,0
DA:272,0
DA:273,0
DA:274,0
DA:275,0
DA:276,0
DA:277,0
DA:278,0
DA:279,0
DA:280,0
DA:281,0
DA:282,0
DA:283,0
DA:284,0
DA:285,0
DA:286,0
DA:287,0
DA:288,0
DA:289,0
DA:290,0
DA:291,0
DA:292,0
DA:293,0
DA:294,1
DA:295,1
DA:296,0
DA:297,0
DA:298,0
DA:299,0
DA:300,0
DA:301,0
DA:302,0
DA:303,0
DA:304,0
DA:305,0
DA:306,0
DA:307,0
DA:308,0
DA:309,0
DA:310,0
DA:311,0
DA:312,0
DA:313,0
DA:314,0
DA:315,1
DA:316,1
DA:317,0
DA:318,0
DA:319,0
DA:320,0
DA:321,0
DA:322,0
DA:323,0
DA:324,0
DA:325,0
DA:326,0
DA:327,0
DA:328,0
DA:329,1
DA:330,1
DA:331,0
DA:332,0
DA:333,0
DA:334,0
DA:335,0
DA:336,0
DA:337,0
DA:338,0
DA:339,0
DA:340,0
DA:341,0
DA:342,0
DA:343,0
DA:344,0
DA:345,0
DA:346,0
DA:347,0
DA:348,0
DA:349,0
DA:350,0
DA:351,0
DA:352,0
DA:353,0
DA:354,0
DA:355,0
DA:356,0
DA:357,0
DA:358,0
DA:359,0
DA:360,0
DA:361,0
DA:362,0
DA:363,0
DA:364,0
DA:365,0
DA:366,0
DA:367,0
DA:368,0
DA:369,0
DA:370,0
DA:371,0
DA:372,0
DA:373,0
DA:374,0
DA:375,0
DA:376,0
DA:377,0
DA:378,0
DA:379,0
DA:380,0
DA:381,0
DA:382,0
DA:383,0
DA:384,0
DA:385,0
DA:386,0
DA:387,0
DA:388,0
DA:389,0
DA:390,0
DA:391,0
DA:392,0
DA:393,0
DA:394,0
DA:395,0
DA:396,0
DA:397,0
DA:398,0
DA:399,0
DA:400,0
DA:401,0
DA:402,0
DA:403,0
DA:404,0
DA:405,0
DA:406,0
DA:407,0
DA:408,0
DA:409,0
DA:410,0
DA:411,1
DA:412,1
DA:413,0
DA:414,0
DA:415,0
DA:416,0
DA:417,0
DA:418,0
DA:419,0
DA:420,0
DA:421,0
DA:422,0
DA:423,0
DA:424,0
DA:425,0
DA:426,0
DA:427,0
DA:428,0
DA:429,0
DA:430,0
DA:431,0
DA:432,0
DA:433,0
DA:434,0
DA:435,0
DA:436,0
DA:437,0
DA:438,0
DA:439,0
DA:440,0
DA:441,0
DA:442,0
DA:443,0
DA:444,0
DA:445,0
DA:446,0
DA:447,1
DA:448,1
DA:449,0
DA:450,0
DA:451,0
DA:452,0
DA:453,0
DA:454,0
DA:455,0
DA:456,0
DA:457,0
DA:458,0
DA:459,0
DA:460,0
DA:461,1
LF:461
LH:60
BRF:0
BRH:0
end_of_record
